  [1m[35m (1132.5ms)[0m  [1m[35mCREATE DATABASE "our_cats_development" ENCODING = 'unicode'[0m
  ↳ bin/rails:9
  [1m[35m (294.8ms)[0m  [1m[35mCREATE DATABASE "our_cats_test" ENCODING = 'unicode'[0m
  ↳ bin/rails:9
  [1m[35m (36.3ms)[0m  [1m[35mCREATE TABLE "schema_migrations" ("version" character varying NOT NULL PRIMARY KEY)[0m
  ↳ bin/rails:9
  [1m[35m (36.8ms)[0m  [1m[35mCREATE TABLE "ar_internal_metadata" ("key" character varying NOT NULL PRIMARY KEY, "value" character varying, "created_at" timestamp NOT NULL, "updated_at" timestamp NOT NULL)[0m
  ↳ bin/rails:9
  [1m[35m (0.4ms)[0m  [1m[34mSELECT pg_try_advisory_lock(5518258010914655055)[0m
  ↳ bin/rails:9
  [1m[35m (0.7ms)[0m  [1m[34mSELECT "schema_migrations"."version" FROM "schema_migrations" ORDER BY "schema_migrations"."version" ASC[0m
  ↳ bin/rails:9
Migrating to CreateCatsTable (20190430161228)
  [1m[35m (0.3ms)[0m  [1m[35mBEGIN[0m
  ↳ bin/rails:9
  [1m[35m (37.1ms)[0m  [1m[35mCREATE TABLE "cats" ("id" bigserial primary key, "birth_date" date NOT NULL, "color" character varying NOT NULL, "name" character varying NOT NULL, "sex" character varying(1) NOT NULL, "description" text NOT NULL, "created_at" timestamp NOT NULL, "updated_at" timestamp NOT NULL)[0m
  ↳ db/migrate/20190430161228_create_cats_table.rb:3
  [1m[36mActiveRecord::SchemaMigration Create (0.9ms)[0m  [1m[32mINSERT INTO "schema_migrations" ("version") VALUES ($1) RETURNING "version"[0m  [["version", "20190430161228"]]
  ↳ bin/rails:9
  [1m[35m (0.6ms)[0m  [1m[35mCOMMIT[0m
  ↳ bin/rails:9
  [1m[36mActiveRecord::InternalMetadata Load (0.8ms)[0m  [1m[34mSELECT  "ar_internal_metadata".* FROM "ar_internal_metadata" WHERE "ar_internal_metadata"."key" = $1 LIMIT $2[0m  [["key", "environment"], ["LIMIT", 1]]
  ↳ bin/rails:9
  [1m[35m (0.2ms)[0m  [1m[35mBEGIN[0m
  ↳ bin/rails:9
  [1m[36mActiveRecord::InternalMetadata Create (0.7ms)[0m  [1m[32mINSERT INTO "ar_internal_metadata" ("key", "value", "created_at", "updated_at") VALUES ($1, $2, $3, $4) RETURNING "key"[0m  [["key", "environment"], ["value", "development"], ["created_at", "2019-04-30 17:36:43.124192"], ["updated_at", "2019-04-30 17:36:43.124192"]]
  ↳ bin/rails:9
  [1m[35m (0.4ms)[0m  [1m[35mCOMMIT[0m
  ↳ bin/rails:9
  [1m[35m (0.4ms)[0m  [1m[34mSELECT pg_advisory_unlock(5518258010914655055)[0m
  ↳ bin/rails:9
  [1m[35m (0.5ms)[0m  [1m[34mSELECT "schema_migrations"."version" FROM "schema_migrations" ORDER BY "schema_migrations"."version" ASC[0m
  ↳ bin/rails:9
  [1m[35m (1.1ms)[0m  [1m[34mSELECT "schema_migrations"."version" FROM "schema_migrations" ORDER BY "schema_migrations"."version" ASC[0m
  ↳ /Users/aa/.rbenv/versions/2.5.1/bin/annotate:23
Started GET "/" for ::1 at 2019-04-30 14:18:33 -0400
  [1m[35m (4.8ms)[0m  [1m[34mSELECT "schema_migrations"."version" FROM "schema_migrations" ORDER BY "schema_migrations"."version" ASC[0m
  ↳ /Users/aa/.rbenv/versions/2.5.1/lib/ruby/gems/2.5.0/gems/activerecord-5.2.3/lib/active_record/log_subscriber.rb:98
Processing by Rails::WelcomeController#index as HTML
  Rendering /Users/aa/.rbenv/versions/2.5.1/lib/ruby/gems/2.5.0/gems/railties-5.2.3/lib/rails/templates/rails/welcome/index.html.erb
  Rendered /Users/aa/.rbenv/versions/2.5.1/lib/ruby/gems/2.5.0/gems/railties-5.2.3/lib/rails/templates/rails/welcome/index.html.erb (5.5ms)
Completed 200 OK in 74ms (Views: 43.0ms | ActiveRecord: 0.0ms)


Started GET "/cats" for ::1 at 2019-04-30 14:18:42 -0400
Processing by CatsController#index as HTML
  Rendering cats/index.html.erb within layouts/application
  [1m[36mCat Load (34.0ms)[0m  [1m[34mSELECT "cats".* FROM "cats"[0m
  ↳ app/views/cats/index.html.erb:3
  Rendered cats/index.html.erb within layouts/application (43.6ms)
Completed 200 OK in 758ms (Views: 682.3ms | ActiveRecord: 38.1ms)


  [1m[35m (0.3ms)[0m  [1m[35mBEGIN[0m
  [1m[36mCat Create (37.6ms)[0m  [1m[32mINSERT INTO "cats" ("birth_date", "color", "name", "sex", "description", "created_at", "updated_at") VALUES ($1, $2, $3, $4, $5, $6, $7) RETURNING "id"[0m  [["birth_date", "2015-01-20"], ["color", "black"], ["name", "dark"], ["sex", "M"], ["description", "he is dark"], ["created_at", "2019-04-30 18:28:36.318983"], ["updated_at", "2019-04-30 18:28:36.318983"]]
  [1m[35m (29.1ms)[0m  [1m[35mCOMMIT[0m
Started GET "/cats" for ::1 at 2019-04-30 14:28:45 -0400
Processing by CatsController#index as HTML
  Rendering cats/index.html.erb within layouts/application
  [1m[36mCat Load (1.0ms)[0m  [1m[34mSELECT "cats".* FROM "cats"[0m
  ↳ app/views/cats/index.html.erb:3
  Rendered cats/index.html.erb within layouts/application (223.0ms)
Completed 500 Internal Server Error in 326ms (ActiveRecord: 7.5ms)



ActionController::UrlGenerationError - No route matches {:action=>"show", :controller=>"cats", :id=>nil}, missing required keys: [:id]:
  app/views/cats/index.html.erb:5:in `block in _app_views_cats_index_html_erb__2079567370398331153_70184095206780'
  app/views/cats/index.html.erb:3:in `_app_views_cats_index_html_erb__2079567370398331153_70184095206780'
  app/controllers/cats_controller.rb:5:in `index'

Started POST "/__better_errors/a1bbf017d95360a5/variables" for ::1 at 2019-04-30 14:28:46 -0400
Started GET "/cats" for ::1 at 2019-04-30 14:29:06 -0400
Processing by CatsController#index as HTML
  Rendering cats/index.html.erb within layouts/application
  [1m[36mCat Load (0.9ms)[0m  [1m[34mSELECT "cats".* FROM "cats"[0m
  ↳ app/views/cats/index.html.erb:3
  Rendered cats/index.html.erb within layouts/application (6.2ms)
Completed 500 Internal Server Error in 21ms (ActiveRecord: 0.9ms)



ActionController::UrlGenerationError - No route matches {:action=>"show", :controller=>"cats", :id=>nil}, missing required keys: [:id]:
  app/views/cats/index.html.erb:5:in `block in _app_views_cats_index_html_erb__2079567370398331153_70184113523400'
  app/views/cats/index.html.erb:3:in `_app_views_cats_index_html_erb__2079567370398331153_70184113523400'
  app/controllers/cats_controller.rb:5:in `index'

Started POST "/__better_errors/9ecce1fdb9ea912c/variables" for ::1 at 2019-04-30 14:29:06 -0400
Started GET "/cats" for ::1 at 2019-04-30 14:30:38 -0400
Processing by CatsController#index as HTML
  Rendering cats/index.html.erb within layouts/application
  [1m[36mCat Load (0.7ms)[0m  [1m[34mSELECT "cats".* FROM "cats"[0m
  ↳ app/views/cats/index.html.erb:3
  Rendered cats/index.html.erb within layouts/application (25.1ms)
Completed 500 Internal Server Error in 55ms (ActiveRecord: 10.6ms)



ActionController::UrlGenerationError - No route matches {:action=>"show", :controller=>"cats", :id=>nil}, missing required keys: [:id]:
  app/views/cats/index.html.erb:5:in `block in _app_views_cats_index_html_erb__2079567370398331153_70184111446460'
  app/views/cats/index.html.erb:3:in `_app_views_cats_index_html_erb__2079567370398331153_70184111446460'
  app/controllers/cats_controller.rb:5:in `index'

Started POST "/__better_errors/f2d1662ab21a8b24/variables" for ::1 at 2019-04-30 14:30:39 -0400
Started GET "/cats" for ::1 at 2019-04-30 14:31:15 -0400
Processing by CatsController#index as HTML
  Rendering cats/index.html.erb within layouts/application
  [1m[36mCat Load (0.4ms)[0m  [1m[34mSELECT "cats".* FROM "cats"[0m
  ↳ app/views/cats/index.html.erb:3
  Rendered cats/index.html.erb within layouts/application (3.0ms)
Completed 200 OK in 122ms (Views: 120.1ms | ActiveRecord: 0.4ms)


Started GET "/cats" for ::1 at 2019-04-30 14:31:20 -0400
Processing by CatsController#index as HTML
  Rendering cats/index.html.erb within layouts/application
  [1m[36mCat Load (0.5ms)[0m  [1m[34mSELECT "cats".* FROM "cats"[0m
  ↳ app/views/cats/index.html.erb:3
  Rendered cats/index.html.erb within layouts/application (2.6ms)
Completed 200 OK in 32ms (Views: 29.8ms | ActiveRecord: 0.5ms)


Started GET "/cats" for ::1 at 2019-04-30 14:31:21 -0400
Processing by CatsController#index as HTML
  Rendering cats/index.html.erb within layouts/application
  [1m[36mCat Load (0.6ms)[0m  [1m[34mSELECT "cats".* FROM "cats"[0m
  ↳ app/views/cats/index.html.erb:3
  Rendered cats/index.html.erb within layouts/application (4.1ms)
Completed 200 OK in 47ms (Views: 44.2ms | ActiveRecord: 0.6ms)


Started GET "/cats" for ::1 at 2019-04-30 14:31:22 -0400
Processing by CatsController#index as HTML
  Rendering cats/index.html.erb within layouts/application
  [1m[36mCat Load (0.6ms)[0m  [1m[34mSELECT "cats".* FROM "cats"[0m
  ↳ app/views/cats/index.html.erb:3
  Rendered cats/index.html.erb within layouts/application (2.6ms)
Completed 200 OK in 25ms (Views: 23.1ms | ActiveRecord: 0.6ms)


Started GET "/cats" for ::1 at 2019-04-30 14:31:23 -0400
Processing by CatsController#index as HTML
  Rendering cats/index.html.erb within layouts/application
  [1m[36mCat Load (0.5ms)[0m  [1m[34mSELECT "cats".* FROM "cats"[0m
  ↳ app/views/cats/index.html.erb:3
  Rendered cats/index.html.erb within layouts/application (3.1ms)
Completed 200 OK in 28ms (Views: 26.5ms | ActiveRecord: 0.5ms)


Started GET "/cats" for ::1 at 2019-04-30 14:31:23 -0400
Processing by CatsController#index as HTML
  Rendering cats/index.html.erb within layouts/application
  [1m[36mCat Load (0.4ms)[0m  [1m[34mSELECT "cats".* FROM "cats"[0m
  ↳ app/views/cats/index.html.erb:3
  Rendered cats/index.html.erb within layouts/application (2.0ms)
Completed 200 OK in 25ms (Views: 23.9ms | ActiveRecord: 0.4ms)


Started GET "/cats" for ::1 at 2019-04-30 14:31:24 -0400
Processing by CatsController#index as HTML
  Rendering cats/index.html.erb within layouts/application
  [1m[36mCat Load (0.5ms)[0m  [1m[34mSELECT "cats".* FROM "cats"[0m
  ↳ app/views/cats/index.html.erb:3
  Rendered cats/index.html.erb within layouts/application (2.3ms)
Completed 200 OK in 25ms (Views: 23.6ms | ActiveRecord: 0.5ms)


Started GET "/cats" for ::1 at 2019-04-30 14:31:24 -0400
Processing by CatsController#index as HTML
  Rendering cats/index.html.erb within layouts/application
  [1m[36mCat Load (0.6ms)[0m  [1m[34mSELECT "cats".* FROM "cats"[0m
  ↳ app/views/cats/index.html.erb:3
  Rendered cats/index.html.erb within layouts/application (2.5ms)
Completed 200 OK in 26ms (Views: 24.6ms | ActiveRecord: 0.6ms)


Started GET "/cats" for ::1 at 2019-04-30 14:31:29 -0400
Processing by CatsController#index as HTML
  Rendering cats/index.html.erb within layouts/application
  [1m[36mCat Load (0.9ms)[0m  [1m[34mSELECT "cats".* FROM "cats"[0m
  ↳ app/views/cats/index.html.erb:3
  Rendered cats/index.html.erb within layouts/application (3.6ms)
Completed 200 OK in 29ms (Views: 27.7ms | ActiveRecord: 0.9ms)


Started GET "/cats" for ::1 at 2019-04-30 14:33:05 -0400
Processing by CatsController#index as HTML
  Rendering cats/index.html.erb within layouts/application
  [1m[36mCat Load (0.4ms)[0m  [1m[34mSELECT "cats".* FROM "cats"[0m
  ↳ app/views/cats/index.html.erb:3
  Rendered cats/index.html.erb within layouts/application (18.2ms)
Completed 200 OK in 53ms (Views: 34.8ms | ActiveRecord: 7.0ms)


Started GET "/cats" for ::1 at 2019-04-30 14:33:06 -0400
Processing by CatsController#index as HTML
  Rendering cats/index.html.erb within layouts/application
  [1m[36mCat Load (0.7ms)[0m  [1m[34mSELECT "cats".* FROM "cats"[0m
  ↳ app/views/cats/index.html.erb:3
  Rendered cats/index.html.erb within layouts/application (3.3ms)
Completed 200 OK in 27ms (Views: 25.9ms | ActiveRecord: 0.7ms)


Started GET "/" for ::1 at 2019-04-30 14:33:44 -0400
Processing by Rails::WelcomeController#index as HTML
  Rendering /Users/aa/.rbenv/versions/2.5.1/lib/ruby/gems/2.5.0/gems/railties-5.2.3/lib/rails/templates/rails/welcome/index.html.erb
  Rendered /Users/aa/.rbenv/versions/2.5.1/lib/ruby/gems/2.5.0/gems/railties-5.2.3/lib/rails/templates/rails/welcome/index.html.erb (3.2ms)
Completed 200 OK in 51ms (Views: 7.1ms | ActiveRecord: 0.0ms)


Started GET "/cats" for ::1 at 2019-04-30 14:33:47 -0400
Processing by CatsController#index as HTML
  Rendering cats/index.html.erb within layouts/application
  [1m[36mCat Load (0.6ms)[0m  [1m[34mSELECT "cats".* FROM "cats"[0m
  ↳ app/views/cats/index.html.erb:3
  Rendered cats/index.html.erb within layouts/application (3.0ms)
Completed 200 OK in 27ms (Views: 26.0ms | ActiveRecord: 0.6ms)


Started GET "/cats/1" for ::1 at 2019-04-30 14:33:50 -0400
Processing by CatsController#show as HTML
  Parameters: {"id"=>"1"}
  [1m[36mCat Load (0.7ms)[0m  [1m[34mSELECT  "cats".* FROM "cats" WHERE "cats"."id" = $1 LIMIT $2[0m  [["id", 1], ["LIMIT", 1]]
  ↳ app/controllers/cats_controller.rb:9
  Rendering cats/show.html.erb within layouts/application
  Rendered cats/show.html.erb within layouts/application (3.8ms)
Completed 500 Internal Server Error in 90ms (ActiveRecord: 1.0ms)



NoMethodError - undefined method `each' for nil:NilClass:
  app/views/cats/show.html.erb:2:in `_app_views_cats_show_html_erb__3206055948425411135_70184112263680'
  app/controllers/cats_controller.rb:11:in `show'

Started POST "/__better_errors/61769f2d3f578e3a/variables" for ::1 at 2019-04-30 14:33:50 -0400
Started GET "/cats" for ::1 at 2019-04-30 14:34:08 -0400
Processing by CatsController#index as HTML
  Rendering cats/index.html.erb within layouts/application
  [1m[36mCat Load (0.5ms)[0m  [1m[34mSELECT "cats".* FROM "cats"[0m
  ↳ app/views/cats/index.html.erb:3
  Rendered cats/index.html.erb within layouts/application (2.8ms)
Completed 200 OK in 23ms (Views: 22.0ms | ActiveRecord: 0.5ms)


Started POST "/__better_errors/61769f2d3f578e3a/variables" for ::1 at 2019-04-30 14:34:09 -0400
Started GET "/cats" for ::1 at 2019-04-30 14:35:13 -0400
Processing by CatsController#index as HTML
  Rendering cats/index.html.erb within layouts/application
  [1m[36mCat Load (0.5ms)[0m  [1m[34mSELECT "cats".* FROM "cats"[0m
  ↳ app/views/cats/index.html.erb:3
  Rendered cats/index.html.erb within layouts/application (3.3ms)
Completed 200 OK in 46ms (Views: 44.3ms | ActiveRecord: 0.5ms)


Started GET "/cats/1" for ::1 at 2019-04-30 14:35:16 -0400
Processing by CatsController#show as HTML
  Parameters: {"id"=>"1"}
  [1m[36mCat Load (1.1ms)[0m  [1m[34mSELECT  "cats".* FROM "cats" WHERE "cats"."id" = $1 LIMIT $2[0m  [["id", 1], ["LIMIT", 1]]
  ↳ app/controllers/cats_controller.rb:9
  Rendering cats/show.html.erb within layouts/application
  Rendered cats/show.html.erb within layouts/application (3.1ms)
Completed 500 Internal Server Error in 13ms (ActiveRecord: 1.1ms)



SyntaxError - syntax error, unexpected keyword_ensure, expecting end-of-input
          ensure
          ^~~~~~:
  app/views/cats/show.html.erb:21:in `'
  app/controllers/cats_controller.rb:11:in `show'

Started POST "/__better_errors/f79cdf011881b751/variables" for ::1 at 2019-04-30 14:35:16 -0400
Started GET "/cats/1" for ::1 at 2019-04-30 14:35:26 -0400
Processing by CatsController#show as HTML
  Parameters: {"id"=>"1"}
  [1m[36mCat Load (2.2ms)[0m  [1m[34mSELECT  "cats".* FROM "cats" WHERE "cats"."id" = $1 LIMIT $2[0m  [["id", 1], ["LIMIT", 1]]
  ↳ app/controllers/cats_controller.rb:9
  Rendering cats/show.html.erb within layouts/application
  Rendered cats/show.html.erb within layouts/application (49.3ms)
Completed 200 OK in 80ms (Views: 75.0ms | ActiveRecord: 2.2ms)


Started GET "/cats" for ::1 at 2019-04-30 14:35:34 -0400
Processing by CatsController#index as HTML
  Rendering cats/index.html.erb within layouts/application
  [1m[36mCat Load (0.7ms)[0m  [1m[34mSELECT "cats".* FROM "cats"[0m
  ↳ app/views/cats/index.html.erb:3
  Rendered cats/index.html.erb within layouts/application (3.2ms)
Completed 200 OK in 34ms (Views: 32.3ms | ActiveRecord: 0.7ms)


Started GET "/cats" for ::1 at 2019-04-30 14:35:35 -0400
Processing by CatsController#index as HTML
  Rendering cats/index.html.erb within layouts/application
  [1m[36mCat Load (0.6ms)[0m  [1m[34mSELECT "cats".* FROM "cats"[0m
  ↳ app/views/cats/index.html.erb:3
  Rendered cats/index.html.erb within layouts/application (2.9ms)
Completed 200 OK in 26ms (Views: 24.5ms | ActiveRecord: 0.6ms)


Started GET "/cats" for ::1 at 2019-04-30 14:37:34 -0400
Processing by CatsController#index as HTML
  Rendering cats/index.html.erb within layouts/application
  [1m[36mCat Load (0.6ms)[0m  [1m[34mSELECT "cats".* FROM "cats"[0m
  ↳ app/views/cats/index.html.erb:3
  Rendered cats/index.html.erb within layouts/application (3.2ms)
Completed 200 OK in 56ms (Views: 55.1ms | ActiveRecord: 0.6ms)


Started GET "/cats/1" for ::1 at 2019-04-30 14:37:36 -0400
Processing by CatsController#show as HTML
  Parameters: {"id"=>"1"}
  [1m[36mCat Load (2.2ms)[0m  [1m[34mSELECT  "cats".* FROM "cats" WHERE "cats"."id" = $1 LIMIT $2[0m  [["id", 1], ["LIMIT", 1]]
  ↳ app/controllers/cats_controller.rb:9
  Rendering cats/show.html.erb within layouts/application
  Rendered cats/show.html.erb within layouts/application (0.6ms)
Completed 200 OK in 71ms (Views: 65.6ms | ActiveRecord: 2.2ms)


Started GET "/cats" for ::1 at 2019-04-30 14:37:56 -0400
Processing by CatsController#index as HTML
  Rendering cats/index.html.erb within layouts/application
  [1m[36mCat Load (0.6ms)[0m  [1m[34mSELECT "cats".* FROM "cats"[0m
  ↳ app/views/cats/index.html.erb:3
  Rendered cats/index.html.erb within layouts/application (2.7ms)
Completed 200 OK in 33ms (Views: 31.4ms | ActiveRecord: 0.6ms)


Started GET "/cats/1" for ::1 at 2019-04-30 14:37:57 -0400
Processing by CatsController#show as HTML
  Parameters: {"id"=>"1"}
  [1m[36mCat Load (0.5ms)[0m  [1m[34mSELECT  "cats".* FROM "cats" WHERE "cats"."id" = $1 LIMIT $2[0m  [["id", 1], ["LIMIT", 1]]
  ↳ app/controllers/cats_controller.rb:9
  Rendering cats/show.html.erb within layouts/application
  Rendered cats/show.html.erb within layouts/application (0.8ms)
Completed 200 OK in 33ms (Views: 31.5ms | ActiveRecord: 0.5ms)


Started GET "/cats/1" for ::1 at 2019-04-30 14:45:12 -0400
Processing by CatsController#show as HTML
  Parameters: {"id"=>"1"}
  [1m[36mCat Load (1.2ms)[0m  [1m[34mSELECT  "cats".* FROM "cats" WHERE "cats"."id" = $1 LIMIT $2[0m  [["id", 1], ["LIMIT", 1]]
  ↳ app/controllers/cats_controller.rb:9
  Rendering cats/show.html.erb within layouts/application
  Rendered cats/show.html.erb within layouts/application (1.3ms)
Completed 200 OK in 246ms (Views: 240.2ms | ActiveRecord: 1.5ms)


Started GET "/cats/new" for ::1 at 2019-04-30 14:45:20 -0400
Processing by CatsController#new as HTML
  Rendering cats/new.html.erb within layouts/application
  Rendered cats/new.html.erb within layouts/application (0.6ms)
Completed 200 OK in 26ms (Views: 22.2ms | ActiveRecord: 0.0ms)


Started POST "/cats" for ::1 at 2019-04-30 14:46:21 -0400
Processing by CatsController#create as HTML
  Parameters: {"cat"=>{"birth_date"=>"2019/01/20", "color"=>"orange", "name"=>"light", "sex"=>"F", "description"=>"i am a light orange cat"}}
No template found for CatsController#create, rendering head :no_content
Completed 204 No Content in 91ms (ActiveRecord: 0.0ms)


Started GET "/cats" for ::1 at 2019-04-30 14:46:34 -0400
Processing by CatsController#index as HTML
  Rendering cats/index.html.erb within layouts/application
  [1m[36mCat Load (0.6ms)[0m  [1m[34mSELECT "cats".* FROM "cats"[0m
  ↳ app/views/cats/index.html.erb:3
  Rendered cats/index.html.erb within layouts/application (2.5ms)
Completed 200 OK in 121ms (Views: 119.9ms | ActiveRecord: 0.6ms)


Started GET "/cats" for ::1 at 2019-04-30 14:46:36 -0400
Processing by CatsController#index as HTML
  Rendering cats/index.html.erb within layouts/application
  [1m[36mCat Load (0.8ms)[0m  [1m[34mSELECT "cats".* FROM "cats"[0m
  ↳ app/views/cats/index.html.erb:3
  Rendered cats/index.html.erb within layouts/application (2.8ms)
Completed 200 OK in 26ms (Views: 24.6ms | ActiveRecord: 0.8ms)


Started GET "/cats" for ::1 at 2019-04-30 14:46:37 -0400
Processing by CatsController#index as HTML
  Rendering cats/index.html.erb within layouts/application
  [1m[36mCat Load (0.9ms)[0m  [1m[34mSELECT "cats".* FROM "cats"[0m
  ↳ app/views/cats/index.html.erb:3
  Rendered cats/index.html.erb within layouts/application (3.9ms)
Completed 200 OK in 35ms (Views: 33.0ms | ActiveRecord: 0.9ms)


Started GET "/cats" for ::1 at 2019-04-30 14:50:32 -0400
Processing by CatsController#index as HTML
  Rendering cats/index.html.erb within layouts/application
  [1m[36mCat Load (0.9ms)[0m  [1m[34mSELECT "cats".* FROM "cats"[0m
  ↳ app/views/cats/index.html.erb:3
  Rendered cats/index.html.erb within layouts/application (27.5ms)
Completed 200 OK in 68ms (Views: 41.6ms | ActiveRecord: 14.0ms)


Started GET "/cats/new" for ::1 at 2019-04-30 14:50:34 -0400
Processing by CatsController#new as HTML
  Rendering cats/new.html.erb within layouts/application
  Rendered cats/new.html.erb within layouts/application (0.6ms)
Completed 200 OK in 22ms (Views: 20.2ms | ActiveRecord: 0.0ms)


Started POST "/cats" for ::1 at 2019-04-30 14:50:50 -0400
Processing by CatsController#create as HTML
  Parameters: {"cat"=>{"birth_date"=>"2019/01/20", "color"=>"orange", "name"=>"light", "sex"=>"F", "description"=>"i am a light orange cat"}}
  [1m[35m (0.2ms)[0m  [1m[35mBEGIN[0m
  ↳ app/controllers/cats_controller.rb:19
  [1m[36mCat Create (1.5ms)[0m  [1m[32mINSERT INTO "cats" ("birth_date", "color", "name", "sex", "description", "created_at", "updated_at") VALUES ($1, $2, $3, $4, $5, $6, $7) RETURNING "id"[0m  [["birth_date", "2019-01-20"], ["color", "orange"], ["name", "light"], ["sex", "F"], ["description", "i am a light orange cat"], ["created_at", "2019-04-30 18:50:50.784172"], ["updated_at", "2019-04-30 18:50:50.784172"]]
  ↳ app/controllers/cats_controller.rb:19
  [1m[35m (76.0ms)[0m  [1m[35mCOMMIT[0m
  ↳ app/controllers/cats_controller.rb:19
Redirected to http://localhost:3000/cats/2
Completed 302 Found in 84ms (ActiveRecord: 77.7ms)


Started GET "/cats/2" for ::1 at 2019-04-30 14:50:50 -0400
Processing by CatsController#show as HTML
  Parameters: {"id"=>"2"}
  [1m[36mCat Load (0.6ms)[0m  [1m[34mSELECT  "cats".* FROM "cats" WHERE "cats"."id" = $1 LIMIT $2[0m  [["id", 2], ["LIMIT", 1]]
  ↳ app/controllers/cats_controller.rb:9
  Rendering cats/show.html.erb within layouts/application
  Rendered cats/show.html.erb within layouts/application (1.1ms)
Completed 200 OK in 66ms (Views: 63.2ms | ActiveRecord: 0.6ms)


Started GET "/cats" for ::1 at 2019-04-30 14:50:57 -0400
Processing by CatsController#index as HTML
  Rendering cats/index.html.erb within layouts/application
  [1m[36mCat Load (0.5ms)[0m  [1m[34mSELECT "cats".* FROM "cats"[0m
  ↳ app/views/cats/index.html.erb:3
  Rendered cats/index.html.erb within layouts/application (4.5ms)
Completed 200 OK in 85ms (Views: 84.1ms | ActiveRecord: 0.5ms)


Started GET "/cats/1" for ::1 at 2019-04-30 14:51:08 -0400
Processing by CatsController#show as HTML
  Parameters: {"id"=>"1"}
  [1m[36mCat Load (1.0ms)[0m  [1m[34mSELECT  "cats".* FROM "cats" WHERE "cats"."id" = $1 LIMIT $2[0m  [["id", 1], ["LIMIT", 1]]
  ↳ app/controllers/cats_controller.rb:9
  Rendering cats/show.html.erb within layouts/application
  Rendered cats/show.html.erb within layouts/application (0.8ms)
Completed 200 OK in 26ms (Views: 22.9ms | ActiveRecord: 1.0ms)


Started GET "/cats/new" for ::1 at 2019-04-30 14:51:19 -0400
Processing by CatsController#new as HTML
  Rendering cats/new.html.erb within layouts/application
  Rendered cats/new.html.erb within layouts/application (0.7ms)
Completed 200 OK in 22ms (Views: 19.3ms | ActiveRecord: 0.0ms)


Started POST "/cats" for ::1 at 2019-04-30 14:51:42 -0400
Processing by CatsController#create as HTML
  Parameters: {"cat"=>{"birth_date"=>"2018/01/20", "color"=>"orange", "name"=>"lighty", "sex"=>"Z", "description"=>"fake cat"}}
  [1m[35m (0.3ms)[0m  [1m[35mBEGIN[0m
  ↳ app/controllers/cats_controller.rb:19
  [1m[35m (0.3ms)[0m  [1m[31mROLLBACK[0m
  ↳ app/controllers/cats_controller.rb:19
  Rendering cats/new.html.erb within layouts/application
  Rendered cats/new.html.erb within layouts/application (0.6ms)
Completed 200 OK in 263ms (Views: 22.4ms | ActiveRecord: 0.6ms)


Started POST "/cats" for ::1 at 2019-04-30 14:52:03 -0400
Processing by CatsController#create as HTML
  Parameters: {"cat"=>{"birth_date"=>"2015/01/20", "color"=>"blue", "name"=>"hello", "sex"=>"F", "description"=>"fake cat again"}}
  [1m[35m (0.3ms)[0m  [1m[35mBEGIN[0m
  ↳ app/controllers/cats_controller.rb:19
  [1m[35m (0.3ms)[0m  [1m[31mROLLBACK[0m
  ↳ app/controllers/cats_controller.rb:19
  Rendering cats/new.html.erb within layouts/application
  Rendered cats/new.html.erb within layouts/application (0.8ms)
Completed 200 OK in 33ms (Views: 27.9ms | ActiveRecord: 0.6ms)


Started POST "/cats" for ::1 at 2019-04-30 14:52:51 -0400
Processing by CatsController#create as HTML
  Parameters: {"cat"=>{"birth_date"=>"2011/01/20", "color"=>"brown", "name"=>"brownie", "sex"=>"m", "description"=>"i am a brown cat"}}
  [1m[35m (0.2ms)[0m  [1m[35mBEGIN[0m
  ↳ app/controllers/cats_controller.rb:19
  [1m[36mCat Create (0.7ms)[0m  [1m[32mINSERT INTO "cats" ("birth_date", "color", "name", "sex", "description", "created_at", "updated_at") VALUES ($1, $2, $3, $4, $5, $6, $7) RETURNING "id"[0m  [["birth_date", "2011-01-20"], ["color", "brown"], ["name", "brownie"], ["sex", "m"], ["description", "i am a brown cat"], ["created_at", "2019-04-30 18:52:51.658286"], ["updated_at", "2019-04-30 18:52:51.658286"]]
  ↳ app/controllers/cats_controller.rb:19
  [1m[35m (26.0ms)[0m  [1m[35mCOMMIT[0m
  ↳ app/controllers/cats_controller.rb:19
Redirected to http://localhost:3000/cats/3
Completed 302 Found in 59ms (ActiveRecord: 36.6ms)


Started GET "/cats/3" for ::1 at 2019-04-30 14:52:51 -0400
Processing by CatsController#show as HTML
  Parameters: {"id"=>"3"}
  [1m[36mCat Load (1.0ms)[0m  [1m[34mSELECT  "cats".* FROM "cats" WHERE "cats"."id" = $1 LIMIT $2[0m  [["id", 3], ["LIMIT", 1]]
  ↳ app/controllers/cats_controller.rb:9
  Rendering cats/show.html.erb within layouts/application
  Rendered cats/show.html.erb within layouts/application (1.0ms)
Completed 200 OK in 60ms (Views: 56.0ms | ActiveRecord: 1.0ms)


Started GET "/cats" for ::1 at 2019-04-30 14:52:56 -0400
Processing by CatsController#index as HTML
  Rendering cats/index.html.erb within layouts/application
  [1m[36mCat Load (0.6ms)[0m  [1m[34mSELECT "cats".* FROM "cats"[0m
  ↳ app/views/cats/index.html.erb:3
  Rendered cats/index.html.erb within layouts/application (3.1ms)
Completed 200 OK in 142ms (Views: 140.5ms | ActiveRecord: 0.6ms)


Started GET "/cats" for ::1 at 2019-04-30 14:55:37 -0400
Processing by CatsController#index as HTML
  Rendering cats/index.html.erb within layouts/application
  [1m[36mCat Load (1.4ms)[0m  [1m[34mSELECT "cats".* FROM "cats"[0m
  ↳ app/views/cats/index.html.erb:3
  Rendered cats/index.html.erb within layouts/application (7.4ms)
Completed 200 OK in 154ms (Views: 150.6ms | ActiveRecord: 1.4ms)


Started GET "/cats/new" for ::1 at 2019-04-30 14:55:40 -0400
Processing by CatsController#new as HTML
  Rendering cats/new.html.erb within layouts/application
  Rendered cats/new.html.erb within layouts/application (0.9ms)
Completed 200 OK in 57ms (Views: 54.1ms | ActiveRecord: 0.0ms)


Started GET "/cats/new" for ::1 at 2019-04-30 14:56:01 -0400
Processing by CatsController#new as HTML
  Rendering cats/new.html.erb within layouts/application
  Rendered cats/new.html.erb within layouts/application (0.8ms)
Completed 200 OK in 55ms (Views: 51.9ms | ActiveRecord: 0.0ms)


Started POST "/cats" for ::1 at 2019-04-30 14:56:42 -0400
Processing by CatsController#create as HTML
  Parameters: {"cat"=>{"birth_date"=>"2011/06/03", "color"=>"white", "name"=>"whitey", "sex"=>"M", "description"=>"i am a white cat"}}
  [1m[35m (0.4ms)[0m  [1m[35mBEGIN[0m
  ↳ app/controllers/cats_controller.rb:19
  [1m[36mCat Create (1.0ms)[0m  [1m[32mINSERT INTO "cats" ("birth_date", "color", "name", "sex", "description", "created_at", "updated_at") VALUES ($1, $2, $3, $4, $5, $6, $7) RETURNING "id"[0m  [["birth_date", "2011-06-03"], ["color", "white"], ["name", "whitey"], ["sex", "M"], ["description", "i am a white cat"], ["created_at", "2019-04-30 18:56:42.469907"], ["updated_at", "2019-04-30 18:56:42.469907"]]
  ↳ app/controllers/cats_controller.rb:19
  [1m[35m (0.6ms)[0m  [1m[35mCOMMIT[0m
  ↳ app/controllers/cats_controller.rb:19
Redirected to http://localhost:3000/cats/4
Completed 302 Found in 16ms (ActiveRecord: 1.9ms)


Started GET "/cats/4" for ::1 at 2019-04-30 14:56:42 -0400
Processing by CatsController#show as HTML
  Parameters: {"id"=>"4"}
  [1m[36mCat Load (1.0ms)[0m  [1m[34mSELECT  "cats".* FROM "cats" WHERE "cats"."id" = $1 LIMIT $2[0m  [["id", 4], ["LIMIT", 1]]
  ↳ app/controllers/cats_controller.rb:9
  Rendering cats/show.html.erb within layouts/application
  Rendered cats/show.html.erb within layouts/application (1.6ms)
Completed 200 OK in 129ms (Views: 124.9ms | ActiveRecord: 1.0ms)


Started GET "/cats/new" for ::1 at 2019-04-30 14:57:06 -0400
Processing by CatsController#new as HTML
  Rendering cats/new.html.erb within layouts/application
  Rendered cats/new.html.erb within layouts/application (0.9ms)
Completed 200 OK in 173ms (Views: 170.2ms | ActiveRecord: 0.0ms)


Started GET "/cats/new" for ::1 at 2019-04-30 14:57:22 -0400
Processing by CatsController#new as HTML
  Rendering cats/new.html.erb within layouts/application
  Rendered cats/new.html.erb within layouts/application (0.9ms)
Completed 200 OK in 37ms (Views: 34.4ms | ActiveRecord: 0.0ms)


Started GET "/cats/new" for ::1 at 2019-04-30 14:57:46 -0400
Processing by CatsController#new as HTML
  Rendering cats/new.html.erb within layouts/application
  Rendered cats/new.html.erb within layouts/application (2.9ms)
Completed 200 OK in 38ms (Views: 35.3ms | ActiveRecord: 0.0ms)


Started GET "/cats/new" for ::1 at 2019-04-30 14:58:00 -0400
Processing by CatsController#new as HTML
  Rendering cats/new.html.erb within layouts/application
  Rendered cats/new.html.erb within layouts/application (1.3ms)
Completed 200 OK in 121ms (Views: 119.0ms | ActiveRecord: 0.0ms)


Started GET "/cats/new" for ::1 at 2019-04-30 15:05:04 -0400
Processing by CatsController#new as HTML
  Rendering cats/new.html.erb within layouts/application
  Rendered cats/new.html.erb within layouts/application (187.1ms)
Completed 500 Internal Server Error in 222ms (ActiveRecord: 0.0ms)



NameError - uninitialized constant ActionView::CompiledTemplates::COLOR:
  app/views/cats/new.html.erb:9:in `_app_views_cats_new_html_erb__1232785794766235214_70184082466060'

Started POST "/__better_errors/d90bed0fe965f049/variables" for ::1 at 2019-04-30 15:05:05 -0400
Started GET "/cats/new" for ::1 at 2019-04-30 15:05:33 -0400
Processing by CatsController#new as HTML
  Rendering cats/new.html.erb within layouts/application
  Rendered cats/new.html.erb within layouts/application (1.0ms)
Completed 200 OK in 125ms (Views: 120.8ms | ActiveRecord: 0.0ms)


Started GET "/cats/new" for ::1 at 2019-04-30 15:07:20 -0400
Processing by CatsController#new as HTML
  Rendering cats/new.html.erb within layouts/application
  Rendered cats/new.html.erb within layouts/application (0.9ms)
Completed 200 OK in 82ms (Views: 79.4ms | ActiveRecord: 0.0ms)


Started GET "/cats/new" for ::1 at 2019-04-30 15:08:27 -0400
Processing by CatsController#new as HTML
  Rendering cats/new.html.erb within layouts/application
  Rendered cats/new.html.erb within layouts/application (0.7ms)
Completed 200 OK in 109ms (Views: 105.5ms | ActiveRecord: 0.0ms)


Started GET "/cats/new" for ::1 at 2019-04-30 15:08:38 -0400
Processing by CatsController#new as HTML
  Rendering cats/new.html.erb within layouts/application
  Rendered cats/new.html.erb within layouts/application (1.0ms)
Completed 200 OK in 32ms (Views: 27.7ms | ActiveRecord: 0.0ms)


Started GET "/cats/new" for ::1 at 2019-04-30 15:10:14 -0400
Processing by CatsController#new as HTML
  Rendering cats/new.html.erb within layouts/application
  Rendered cats/new.html.erb within layouts/application (65.0ms)
Completed 200 OK in 301ms (Views: 298.0ms | ActiveRecord: 0.0ms)


Started GET "/" for ::1 at 2019-04-30 15:10:22 -0400
Processing by Rails::WelcomeController#index as HTML
  Rendering /Users/aa/.rbenv/versions/2.5.1/lib/ruby/gems/2.5.0/gems/railties-5.2.3/lib/rails/templates/rails/welcome/index.html.erb
  Rendered /Users/aa/.rbenv/versions/2.5.1/lib/ruby/gems/2.5.0/gems/railties-5.2.3/lib/rails/templates/rails/welcome/index.html.erb (5.3ms)
Completed 200 OK in 25ms (Views: 9.1ms | ActiveRecord: 0.0ms)


Started GET "/cats" for ::1 at 2019-04-30 15:10:27 -0400
Processing by CatsController#index as HTML
  Rendering cats/index.html.erb within layouts/application
  [1m[36mCat Load (2.4ms)[0m  [1m[34mSELECT "cats".* FROM "cats"[0m
  ↳ app/views/cats/index.html.erb:3
  Rendered cats/index.html.erb within layouts/application (46.4ms)
Completed 200 OK in 122ms (Views: 97.5ms | ActiveRecord: 21.9ms)


Started GET "/cats/1" for ::1 at 2019-04-30 15:10:29 -0400
Processing by CatsController#show as HTML
  Parameters: {"id"=>"1"}
  [1m[36mCat Load (1.7ms)[0m  [1m[34mSELECT  "cats".* FROM "cats" WHERE "cats"."id" = $1 LIMIT $2[0m  [["id", 1], ["LIMIT", 1]]
  ↳ app/controllers/cats_controller.rb:9
  Rendering cats/show.html.erb within layouts/application
  Rendered cats/show.html.erb within layouts/application (1.2ms)
Completed 200 OK in 49ms (Views: 39.9ms | ActiveRecord: 3.1ms)


Started GET "/new" for ::1 at 2019-04-30 15:13:19 -0400
  
ActionController::RoutingError (No route matches [GET] "/new"):
  
actionpack (5.2.3) lib/action_dispatch/middleware/debug_exceptions.rb:65:in `call'
web-console (3.7.0) lib/web_console/middleware.rb:135:in `call_app'
web-console (3.7.0) lib/web_console/middleware.rb:30:in `block in call'
web-console (3.7.0) lib/web_console/middleware.rb:20:in `catch'
web-console (3.7.0) lib/web_console/middleware.rb:20:in `call'
actionpack (5.2.3) lib/action_dispatch/middleware/show_exceptions.rb:33:in `call'
railties (5.2.3) lib/rails/rack/logger.rb:38:in `call_app'
railties (5.2.3) lib/rails/rack/logger.rb:26:in `block in call'
activesupport (5.2.3) lib/active_support/tagged_logging.rb:71:in `block in tagged'
activesupport (5.2.3) lib/active_support/tagged_logging.rb:28:in `tagged'
activesupport (5.2.3) lib/active_support/tagged_logging.rb:71:in `tagged'
railties (5.2.3) lib/rails/rack/logger.rb:26:in `call'
sprockets-rails (3.2.1) lib/sprockets/rails/quiet_assets.rb:13:in `call'
actionpack (5.2.3) lib/action_dispatch/middleware/remote_ip.rb:81:in `call'
actionpack (5.2.3) lib/action_dispatch/middleware/request_id.rb:27:in `call'
rack (2.0.7) lib/rack/method_override.rb:22:in `call'
rack (2.0.7) lib/rack/runtime.rb:22:in `call'
activesupport (5.2.3) lib/active_support/cache/strategy/local_cache_middleware.rb:29:in `call'
actionpack (5.2.3) lib/action_dispatch/middleware/executor.rb:14:in `call'
actionpack (5.2.3) lib/action_dispatch/middleware/static.rb:127:in `call'
rack (2.0.7) lib/rack/sendfile.rb:111:in `call'
railties (5.2.3) lib/rails/engine.rb:524:in `call'
puma (3.12.1) lib/puma/configuration.rb:227:in `call'
puma (3.12.1) lib/puma/server.rb:660:in `handle_request'
puma (3.12.1) lib/puma/server.rb:474:in `process_client'
puma (3.12.1) lib/puma/server.rb:334:in `block in run'
puma (3.12.1) lib/puma/thread_pool.rb:135:in `block in spawn_thread'
Started GET "/cats/new" for ::1 at 2019-04-30 15:13:22 -0400
Processing by CatsController#new as HTML
  Rendering cats/new.html.erb within layouts/application
  Rendered cats/new.html.erb within layouts/application (11.3ms)
Completed 200 OK in 76ms (Views: 72.8ms | ActiveRecord: 0.0ms)


Started POST "/cats" for ::1 at 2019-04-30 15:13:44 -0400
Processing by CatsController#create as HTML
  Parameters: {"cat"=>{"birth_date"=>"2011/10/19", "name"=>"yellowey", "sex"=>"M", "description"=>"i am a yellow cat"}}
  [1m[35m (0.3ms)[0m  [1m[35mBEGIN[0m
  ↳ app/controllers/cats_controller.rb:19
  [1m[35m (0.2ms)[0m  [1m[31mROLLBACK[0m
  ↳ app/controllers/cats_controller.rb:19
  Rendering cats/new.html.erb within layouts/application
  Rendered cats/new.html.erb within layouts/application (0.7ms)
Completed 200 OK in 51ms (Views: 18.3ms | ActiveRecord: 11.8ms)


Started GET "/cats" for ::1 at 2019-04-30 15:15:29 -0400
Processing by CatsController#index as HTML
  Rendering cats/index.html.erb within layouts/application
  [1m[36mCat Load (3.3ms)[0m  [1m[34mSELECT "cats".* FROM "cats"[0m
  ↳ app/views/cats/index.html.erb:3
  Rendered cats/index.html.erb within layouts/application (8.9ms)
Completed 200 OK in 54ms (Views: 49.7ms | ActiveRecord: 3.3ms)


Started GET "/cats/new" for ::1 at 2019-04-30 15:15:33 -0400
Processing by CatsController#new as HTML
  Rendering cats/new.html.erb within layouts/application
  Rendered cats/new.html.erb within layouts/application (1.6ms)
Completed 200 OK in 54ms (Views: 50.6ms | ActiveRecord: 0.0ms)


Started POST "/cats" for ::1 at 2019-04-30 15:15:58 -0400
Processing by CatsController#create as HTML
  Parameters: {"cat"=>{"birth_date"=>"2011/19/19", "name"=>"mixed1", "sex"=>"F", "description"=>"i am a mixed breed"}}
  [1m[35m (0.2ms)[0m  [1m[35mBEGIN[0m
  ↳ app/controllers/cats_controller.rb:19
  [1m[35m (0.3ms)[0m  [1m[31mROLLBACK[0m
  ↳ app/controllers/cats_controller.rb:19
  Rendering cats/new.html.erb within layouts/application
  Rendered cats/new.html.erb within layouts/application (1.1ms)
Completed 200 OK in 33ms (Views: 26.3ms | ActiveRecord: 0.5ms)


Started GET "/cats" for ::1 at 2019-04-30 15:17:09 -0400
Processing by CatsController#index as HTML
  Rendering cats/index.html.erb within layouts/application
  [1m[36mCat Load (1.1ms)[0m  [1m[34mSELECT "cats".* FROM "cats"[0m
  ↳ app/views/cats/index.html.erb:3
  Rendered cats/index.html.erb within layouts/application (12.5ms)
Completed 200 OK in 115ms (Views: 106.2ms | ActiveRecord: 1.1ms)


Started GET "/cats/new" for ::1 at 2019-04-30 15:17:15 -0400
Processing by CatsController#new as HTML
  Rendering cats/new.html.erb within layouts/application
  Rendered cats/new.html.erb within layouts/application (2.5ms)
Completed 200 OK in 54ms (Views: 50.1ms | ActiveRecord: 0.0ms)


Started POST "/cats" for ::1 at 2019-04-30 15:17:51 -0400
Processing by CatsController#create as HTML
  Parameters: {"cat"=>{"birth_date"=>"2011/01/10", "color"=>"yellow", "name"=>"yellowey cat", "sex"=>"F", "description"=>"i am a yellowey cat"}}
  [1m[35m (0.3ms)[0m  [1m[35mBEGIN[0m
  ↳ app/controllers/cats_controller.rb:19
  [1m[36mCat Create (47.0ms)[0m  [1m[32mINSERT INTO "cats" ("birth_date", "color", "name", "sex", "description", "created_at", "updated_at") VALUES ($1, $2, $3, $4, $5, $6, $7) RETURNING "id"[0m  [["birth_date", "2011-01-10"], ["color", "yellow"], ["name", "yellowey cat"], ["sex", "F"], ["description", "i am a yellowey cat"], ["created_at", "2019-04-30 19:17:51.394419"], ["updated_at", "2019-04-30 19:17:51.394419"]]
  ↳ app/controllers/cats_controller.rb:19
  [1m[35m (25.9ms)[0m  [1m[35mCOMMIT[0m
  ↳ app/controllers/cats_controller.rb:19
Redirected to http://localhost:3000/cats/5
Completed 302 Found in 85ms (ActiveRecord: 73.2ms)


Started GET "/cats/5" for ::1 at 2019-04-30 15:17:51 -0400
Processing by CatsController#show as HTML
  Parameters: {"id"=>"5"}
  [1m[36mCat Load (0.9ms)[0m  [1m[34mSELECT  "cats".* FROM "cats" WHERE "cats"."id" = $1 LIMIT $2[0m  [["id", 5], ["LIMIT", 1]]
  ↳ app/controllers/cats_controller.rb:9
  Rendering cats/show.html.erb within layouts/application
  Rendered cats/show.html.erb within layouts/application (13.1ms)
Completed 200 OK in 267ms (Views: 261.2ms | ActiveRecord: 0.9ms)


Started GET "/cats/new" for ::1 at 2019-04-30 15:19:38 -0400
Processing by CatsController#new as HTML
  Rendering cats/new.html.erb within layouts/application
  Rendered cats/new.html.erb within layouts/application (1.8ms)
Completed 200 OK in 60ms (Views: 56.6ms | ActiveRecord: 0.0ms)


Started GET "/cats/new" for ::1 at 2019-04-30 15:20:02 -0400
Processing by CatsController#new as HTML
  Rendering cats/new.html.erb within layouts/application
  Rendered cats/new.html.erb within layouts/application (1.2ms)
Completed 200 OK in 64ms (Views: 61.5ms | ActiveRecord: 0.0ms)


Started POST "/cats" for ::1 at 2019-04-30 15:20:33 -0400
Processing by CatsController#create as HTML
  Parameters: {"cat"=>{"birth_date"=>"2017-12-31", "color"=>"black", "name"=>"darkey", "sex"=>"F", "description"=>"also a dark cat"}}
  [1m[35m (0.3ms)[0m  [1m[35mBEGIN[0m
  ↳ app/controllers/cats_controller.rb:19
  [1m[36mCat Create (1.0ms)[0m  [1m[32mINSERT INTO "cats" ("birth_date", "color", "name", "sex", "description", "created_at", "updated_at") VALUES ($1, $2, $3, $4, $5, $6, $7) RETURNING "id"[0m  [["birth_date", "2017-12-31"], ["color", "black"], ["name", "darkey"], ["sex", "F"], ["description", "also a dark cat"], ["created_at", "2019-04-30 19:20:33.487513"], ["updated_at", "2019-04-30 19:20:33.487513"]]
  ↳ app/controllers/cats_controller.rb:19
  [1m[35m (33.2ms)[0m  [1m[35mCOMMIT[0m
  ↳ app/controllers/cats_controller.rb:19
Redirected to http://localhost:3000/cats/6
Completed 302 Found in 40ms (ActiveRecord: 34.5ms)


Started GET "/cats/6" for ::1 at 2019-04-30 15:20:33 -0400
Processing by CatsController#show as HTML
  Parameters: {"id"=>"6"}
  [1m[36mCat Load (1.6ms)[0m  [1m[34mSELECT  "cats".* FROM "cats" WHERE "cats"."id" = $1 LIMIT $2[0m  [["id", 6], ["LIMIT", 1]]
  ↳ app/controllers/cats_controller.rb:9
  Rendering cats/show.html.erb within layouts/application
  Rendered cats/show.html.erb within layouts/application (0.9ms)
Completed 200 OK in 83ms (Views: 79.1ms | ActiveRecord: 1.6ms)


Started GET "/cats/new" for ::1 at 2019-04-30 15:20:54 -0400
Processing by CatsController#new as HTML
  Rendering cats/new.html.erb within layouts/application
  Rendered cats/new.html.erb within layouts/application (1.4ms)
Completed 200 OK in 64ms (Views: 60.8ms | ActiveRecord: 0.0ms)


Started GET "/cats/new" for ::1 at 2019-04-30 15:21:53 -0400
Processing by CatsController#new as HTML
  Rendering cats/new.html.erb within layouts/application
  Rendered cats/new.html.erb within layouts/application (1.6ms)
Completed 200 OK in 171ms (Views: 168.8ms | ActiveRecord: 0.0ms)


Started GET "/cats/new" for ::1 at 2019-04-30 15:22:09 -0400
Processing by CatsController#new as HTML
  Rendering cats/new.html.erb within layouts/application
  Rendered cats/new.html.erb within layouts/application (1.1ms)
Completed 200 OK in 42ms (Views: 38.3ms | ActiveRecord: 0.0ms)


Started GET "/cats/new" for ::1 at 2019-04-30 15:24:24 -0400
Processing by CatsController#new as HTML
  Rendering cats/new.html.erb within layouts/application
  Rendered cats/new.html.erb within layouts/application (7.0ms)
Completed 200 OK in 243ms (Views: 231.5ms | ActiveRecord: 0.0ms)


Started POST "/cats" for ::1 at 2019-04-30 15:24:54 -0400
Processing by CatsController#create as HTML
  Parameters: {"cat"=>{"birth_date"=>"2019-12-23", "color"=>"mixed", "name"=>"misty", "sex"=>"F", "description"=>"another mixed cat\r\n"}}
  [1m[35m (0.6ms)[0m  [1m[35mBEGIN[0m
  ↳ app/controllers/cats_controller.rb:19
  [1m[36mCat Create (1.6ms)[0m  [1m[32mINSERT INTO "cats" ("birth_date", "color", "name", "sex", "description", "created_at", "updated_at") VALUES ($1, $2, $3, $4, $5, $6, $7) RETURNING "id"[0m  [["birth_date", "2019-12-23"], ["color", "mixed"], ["name", "misty"], ["sex", "F"], ["description", "another mixed cat\r\n"], ["created_at", "2019-04-30 19:24:54.961726"], ["updated_at", "2019-04-30 19:24:54.961726"]]
  ↳ app/controllers/cats_controller.rb:19
  [1m[35m (47.2ms)[0m  [1m[35mCOMMIT[0m
  ↳ app/controllers/cats_controller.rb:19
Redirected to http://localhost:3000/cats/7
Completed 302 Found in 62ms (ActiveRecord: 49.4ms)


Started GET "/cats/7" for ::1 at 2019-04-30 15:24:55 -0400
Processing by CatsController#show as HTML
  Parameters: {"id"=>"7"}
  [1m[36mCat Load (2.4ms)[0m  [1m[34mSELECT  "cats".* FROM "cats" WHERE "cats"."id" = $1 LIMIT $2[0m  [["id", 7], ["LIMIT", 1]]
  ↳ app/controllers/cats_controller.rb:9
  Rendering cats/show.html.erb within layouts/application
  Rendered cats/show.html.erb within layouts/application (1.5ms)
Completed 200 OK in 64ms (Views: 59.1ms | ActiveRecord: 2.4ms)


Started GET "/cats/edit" for ::1 at 2019-04-30 15:30:58 -0400
Processing by CatsController#show as HTML
  Parameters: {"id"=>"edit"}
  [1m[36mCat Load (1.0ms)[0m  [1m[34mSELECT  "cats".* FROM "cats" WHERE "cats"."id" = $1 LIMIT $2[0m  [["id", 0], ["LIMIT", 1]]
  ↳ app/controllers/cats_controller.rb:9
Redirected to http://localhost:3000/cats
Completed 302 Found in 43ms (ActiveRecord: 10.4ms)


Started GET "/cats" for ::1 at 2019-04-30 15:30:58 -0400
Processing by CatsController#index as HTML
  Rendering cats/index.html.erb within layouts/application
  [1m[36mCat Load (0.5ms)[0m  [1m[34mSELECT "cats".* FROM "cats"[0m
  ↳ app/views/cats/index.html.erb:3
  Rendered cats/index.html.erb within layouts/application (41.4ms)
Completed 200 OK in 162ms (Views: 152.5ms | ActiveRecord: 8.6ms)


Started GET "/cats/1/edit" for ::1 at 2019-04-30 15:31:06 -0400
  
ActionController::RoutingError (No route matches [GET] "/cats/1/edit"):
  
actionpack (5.2.3) lib/action_dispatch/middleware/debug_exceptions.rb:65:in `call'
web-console (3.7.0) lib/web_console/middleware.rb:135:in `call_app'
web-console (3.7.0) lib/web_console/middleware.rb:30:in `block in call'
web-console (3.7.0) lib/web_console/middleware.rb:20:in `catch'
web-console (3.7.0) lib/web_console/middleware.rb:20:in `call'
actionpack (5.2.3) lib/action_dispatch/middleware/show_exceptions.rb:33:in `call'
railties (5.2.3) lib/rails/rack/logger.rb:38:in `call_app'
railties (5.2.3) lib/rails/rack/logger.rb:26:in `block in call'
activesupport (5.2.3) lib/active_support/tagged_logging.rb:71:in `block in tagged'
activesupport (5.2.3) lib/active_support/tagged_logging.rb:28:in `tagged'
activesupport (5.2.3) lib/active_support/tagged_logging.rb:71:in `tagged'
railties (5.2.3) lib/rails/rack/logger.rb:26:in `call'
sprockets-rails (3.2.1) lib/sprockets/rails/quiet_assets.rb:13:in `call'
actionpack (5.2.3) lib/action_dispatch/middleware/remote_ip.rb:81:in `call'
actionpack (5.2.3) lib/action_dispatch/middleware/request_id.rb:27:in `call'
rack (2.0.7) lib/rack/method_override.rb:22:in `call'
rack (2.0.7) lib/rack/runtime.rb:22:in `call'
activesupport (5.2.3) lib/active_support/cache/strategy/local_cache_middleware.rb:29:in `call'
actionpack (5.2.3) lib/action_dispatch/middleware/executor.rb:14:in `call'
actionpack (5.2.3) lib/action_dispatch/middleware/static.rb:127:in `call'
rack (2.0.7) lib/rack/sendfile.rb:111:in `call'
railties (5.2.3) lib/rails/engine.rb:524:in `call'
puma (3.12.1) lib/puma/configuration.rb:227:in `call'
puma (3.12.1) lib/puma/server.rb:660:in `handle_request'
puma (3.12.1) lib/puma/server.rb:474:in `process_client'
puma (3.12.1) lib/puma/server.rb:334:in `block in run'
puma (3.12.1) lib/puma/thread_pool.rb:135:in `block in spawn_thread'
Started GET "/cats/1/edit" for ::1 at 2019-04-30 15:31:24 -0400
  
ActionController::RoutingError (No route matches [GET] "/cats/1/edit"):
  
actionpack (5.2.3) lib/action_dispatch/middleware/debug_exceptions.rb:65:in `call'
web-console (3.7.0) lib/web_console/middleware.rb:135:in `call_app'
web-console (3.7.0) lib/web_console/middleware.rb:30:in `block in call'
web-console (3.7.0) lib/web_console/middleware.rb:20:in `catch'
web-console (3.7.0) lib/web_console/middleware.rb:20:in `call'
actionpack (5.2.3) lib/action_dispatch/middleware/show_exceptions.rb:33:in `call'
railties (5.2.3) lib/rails/rack/logger.rb:38:in `call_app'
railties (5.2.3) lib/rails/rack/logger.rb:26:in `block in call'
activesupport (5.2.3) lib/active_support/tagged_logging.rb:71:in `block in tagged'
activesupport (5.2.3) lib/active_support/tagged_logging.rb:28:in `tagged'
activesupport (5.2.3) lib/active_support/tagged_logging.rb:71:in `tagged'
railties (5.2.3) lib/rails/rack/logger.rb:26:in `call'
sprockets-rails (3.2.1) lib/sprockets/rails/quiet_assets.rb:13:in `call'
actionpack (5.2.3) lib/action_dispatch/middleware/remote_ip.rb:81:in `call'
actionpack (5.2.3) lib/action_dispatch/middleware/request_id.rb:27:in `call'
rack (2.0.7) lib/rack/method_override.rb:22:in `call'
rack (2.0.7) lib/rack/runtime.rb:22:in `call'
activesupport (5.2.3) lib/active_support/cache/strategy/local_cache_middleware.rb:29:in `call'
actionpack (5.2.3) lib/action_dispatch/middleware/executor.rb:14:in `call'
actionpack (5.2.3) lib/action_dispatch/middleware/static.rb:127:in `call'
rack (2.0.7) lib/rack/sendfile.rb:111:in `call'
railties (5.2.3) lib/rails/engine.rb:524:in `call'
puma (3.12.1) lib/puma/configuration.rb:227:in `call'
puma (3.12.1) lib/puma/server.rb:660:in `handle_request'
puma (3.12.1) lib/puma/server.rb:474:in `process_client'
puma (3.12.1) lib/puma/server.rb:334:in `block in run'
puma (3.12.1) lib/puma/thread_pool.rb:135:in `block in spawn_thread'
Started GET "/cats/edit" for ::1 at 2019-04-30 15:31:29 -0400
Processing by CatsController#show as HTML
  Parameters: {"id"=>"edit"}
  [1m[36mCat Load (0.7ms)[0m  [1m[34mSELECT  "cats".* FROM "cats" WHERE "cats"."id" = $1 LIMIT $2[0m  [["id", 0], ["LIMIT", 1]]
  ↳ app/controllers/cats_controller.rb:9
Redirected to http://localhost:3000/cats
Completed 302 Found in 63ms (ActiveRecord: 6.1ms)


Started GET "/cats" for ::1 at 2019-04-30 15:31:29 -0400
Processing by CatsController#index as HTML
  Rendering cats/index.html.erb within layouts/application
  [1m[36mCat Load (0.6ms)[0m  [1m[34mSELECT "cats".* FROM "cats"[0m
  ↳ app/views/cats/index.html.erb:3
  Rendered cats/index.html.erb within layouts/application (23.2ms)
Completed 200 OK in 73ms (Views: 64.8ms | ActiveRecord: 7.4ms)


Started GET "/cats/1edit" for ::1 at 2019-04-30 15:31:43 -0400
Processing by CatsController#show as HTML
  Parameters: {"id"=>"1edit"}
  [1m[36mCat Load (0.6ms)[0m  [1m[34mSELECT  "cats".* FROM "cats" WHERE "cats"."id" = $1 LIMIT $2[0m  [["id", 1], ["LIMIT", 1]]
  ↳ app/controllers/cats_controller.rb:9
  Rendering cats/show.html.erb within layouts/application
  Rendered cats/show.html.erb within layouts/application (1.1ms)
Completed 200 OK in 108ms (Views: 64.0ms | ActiveRecord: 9.1ms)


Started GET "/cats/1/edit" for ::1 at 2019-04-30 15:31:46 -0400
  
ActionController::RoutingError (No route matches [GET] "/cats/1/edit"):
  
actionpack (5.2.3) lib/action_dispatch/middleware/debug_exceptions.rb:65:in `call'
web-console (3.7.0) lib/web_console/middleware.rb:135:in `call_app'
web-console (3.7.0) lib/web_console/middleware.rb:30:in `block in call'
web-console (3.7.0) lib/web_console/middleware.rb:20:in `catch'
web-console (3.7.0) lib/web_console/middleware.rb:20:in `call'
actionpack (5.2.3) lib/action_dispatch/middleware/show_exceptions.rb:33:in `call'
railties (5.2.3) lib/rails/rack/logger.rb:38:in `call_app'
railties (5.2.3) lib/rails/rack/logger.rb:26:in `block in call'
activesupport (5.2.3) lib/active_support/tagged_logging.rb:71:in `block in tagged'
activesupport (5.2.3) lib/active_support/tagged_logging.rb:28:in `tagged'
activesupport (5.2.3) lib/active_support/tagged_logging.rb:71:in `tagged'
railties (5.2.3) lib/rails/rack/logger.rb:26:in `call'
sprockets-rails (3.2.1) lib/sprockets/rails/quiet_assets.rb:13:in `call'
actionpack (5.2.3) lib/action_dispatch/middleware/remote_ip.rb:81:in `call'
actionpack (5.2.3) lib/action_dispatch/middleware/request_id.rb:27:in `call'
rack (2.0.7) lib/rack/method_override.rb:22:in `call'
rack (2.0.7) lib/rack/runtime.rb:22:in `call'
activesupport (5.2.3) lib/active_support/cache/strategy/local_cache_middleware.rb:29:in `call'
actionpack (5.2.3) lib/action_dispatch/middleware/executor.rb:14:in `call'
actionpack (5.2.3) lib/action_dispatch/middleware/static.rb:127:in `call'
rack (2.0.7) lib/rack/sendfile.rb:111:in `call'
railties (5.2.3) lib/rails/engine.rb:524:in `call'
puma (3.12.1) lib/puma/configuration.rb:227:in `call'
puma (3.12.1) lib/puma/server.rb:660:in `handle_request'
puma (3.12.1) lib/puma/server.rb:474:in `process_client'
puma (3.12.1) lib/puma/server.rb:334:in `block in run'
puma (3.12.1) lib/puma/thread_pool.rb:135:in `block in spawn_thread'
Started GET "/cats/edit" for ::1 at 2019-04-30 15:31:50 -0400
Processing by CatsController#show as HTML
  Parameters: {"id"=>"edit"}
  [1m[36mCat Load (1.5ms)[0m  [1m[34mSELECT  "cats".* FROM "cats" WHERE "cats"."id" = $1 LIMIT $2[0m  [["id", 0], ["LIMIT", 1]]
  ↳ app/controllers/cats_controller.rb:9
Redirected to http://localhost:3000/cats
Completed 302 Found in 5ms (ActiveRecord: 1.5ms)


Started GET "/cats" for ::1 at 2019-04-30 15:31:50 -0400
Processing by CatsController#index as HTML
  Rendering cats/index.html.erb within layouts/application
  [1m[36mCat Load (0.7ms)[0m  [1m[34mSELECT "cats".* FROM "cats"[0m
  ↳ app/views/cats/index.html.erb:3
  Rendered cats/index.html.erb within layouts/application (4.6ms)
Completed 200 OK in 75ms (Views: 73.2ms | ActiveRecord: 0.7ms)


Started GET "/cats/1/edit" for ::1 at 2019-04-30 15:33:23 -0400
  
ActionController::RoutingError (No route matches [GET] "/cats/1/edit"):
  
actionpack (5.2.3) lib/action_dispatch/middleware/debug_exceptions.rb:65:in `call'
web-console (3.7.0) lib/web_console/middleware.rb:135:in `call_app'
web-console (3.7.0) lib/web_console/middleware.rb:30:in `block in call'
web-console (3.7.0) lib/web_console/middleware.rb:20:in `catch'
web-console (3.7.0) lib/web_console/middleware.rb:20:in `call'
actionpack (5.2.3) lib/action_dispatch/middleware/show_exceptions.rb:33:in `call'
railties (5.2.3) lib/rails/rack/logger.rb:38:in `call_app'
railties (5.2.3) lib/rails/rack/logger.rb:26:in `block in call'
activesupport (5.2.3) lib/active_support/tagged_logging.rb:71:in `block in tagged'
activesupport (5.2.3) lib/active_support/tagged_logging.rb:28:in `tagged'
activesupport (5.2.3) lib/active_support/tagged_logging.rb:71:in `tagged'
railties (5.2.3) lib/rails/rack/logger.rb:26:in `call'
sprockets-rails (3.2.1) lib/sprockets/rails/quiet_assets.rb:13:in `call'
actionpack (5.2.3) lib/action_dispatch/middleware/remote_ip.rb:81:in `call'
actionpack (5.2.3) lib/action_dispatch/middleware/request_id.rb:27:in `call'
rack (2.0.7) lib/rack/method_override.rb:22:in `call'
rack (2.0.7) lib/rack/runtime.rb:22:in `call'
activesupport (5.2.3) lib/active_support/cache/strategy/local_cache_middleware.rb:29:in `call'
actionpack (5.2.3) lib/action_dispatch/middleware/executor.rb:14:in `call'
actionpack (5.2.3) lib/action_dispatch/middleware/static.rb:127:in `call'
rack (2.0.7) lib/rack/sendfile.rb:111:in `call'
railties (5.2.3) lib/rails/engine.rb:524:in `call'
puma (3.12.1) lib/puma/configuration.rb:227:in `call'
puma (3.12.1) lib/puma/server.rb:660:in `handle_request'
puma (3.12.1) lib/puma/server.rb:474:in `process_client'
puma (3.12.1) lib/puma/server.rb:334:in `block in run'
puma (3.12.1) lib/puma/thread_pool.rb:135:in `block in spawn_thread'
Started GET "/cats/1/edit" for ::1 at 2019-04-30 15:33:37 -0400
Processing by CatsController#edit as HTML
  Parameters: {"id"=>"1"}
  [1m[36mCat Load (0.5ms)[0m  [1m[34mSELECT  "cats".* FROM "cats" WHERE "cats"."id" = $1 LIMIT $2[0m  [["id", 1], ["LIMIT", 1]]
  ↳ app/controllers/cats_controller.rb:36
  Rendering cats/edit.html.erb within layouts/application
  Rendered cats/edit.html.erb within layouts/application (1.4ms)
Completed 200 OK in 126ms (Views: 64.6ms | ActiveRecord: 9.7ms)


Started GET "/cats/1" for ::1 at 2019-04-30 15:34:21 -0400
Processing by CatsController#show as HTML
  Parameters: {"id"=>"1"}
  [1m[36mCat Load (0.5ms)[0m  [1m[34mSELECT  "cats".* FROM "cats" WHERE "cats"."id" = $1 LIMIT $2[0m  [["id", 1], ["LIMIT", 1]]
  ↳ app/controllers/cats_controller.rb:9
  Rendering cats/show.html.erb within layouts/application
  Rendered cats/show.html.erb within layouts/application (1.2ms)
Completed 200 OK in 89ms (Views: 48.2ms | ActiveRecord: 11.3ms)


Started PATCH "/cats.1" for ::1 at 2019-04-30 15:34:43 -0400
  
ActionController::RoutingError (No route matches [PATCH] "/cats.1"):
  
actionpack (5.2.3) lib/action_dispatch/middleware/debug_exceptions.rb:65:in `call'
web-console (3.7.0) lib/web_console/middleware.rb:135:in `call_app'
web-console (3.7.0) lib/web_console/middleware.rb:30:in `block in call'
web-console (3.7.0) lib/web_console/middleware.rb:20:in `catch'
web-console (3.7.0) lib/web_console/middleware.rb:20:in `call'
actionpack (5.2.3) lib/action_dispatch/middleware/show_exceptions.rb:33:in `call'
railties (5.2.3) lib/rails/rack/logger.rb:38:in `call_app'
railties (5.2.3) lib/rails/rack/logger.rb:26:in `block in call'
activesupport (5.2.3) lib/active_support/tagged_logging.rb:71:in `block in tagged'
activesupport (5.2.3) lib/active_support/tagged_logging.rb:28:in `tagged'
activesupport (5.2.3) lib/active_support/tagged_logging.rb:71:in `tagged'
railties (5.2.3) lib/rails/rack/logger.rb:26:in `call'
sprockets-rails (3.2.1) lib/sprockets/rails/quiet_assets.rb:13:in `call'
actionpack (5.2.3) lib/action_dispatch/middleware/remote_ip.rb:81:in `call'
actionpack (5.2.3) lib/action_dispatch/middleware/request_id.rb:27:in `call'
rack (2.0.7) lib/rack/method_override.rb:22:in `call'
rack (2.0.7) lib/rack/runtime.rb:22:in `call'
activesupport (5.2.3) lib/active_support/cache/strategy/local_cache_middleware.rb:29:in `call'
actionpack (5.2.3) lib/action_dispatch/middleware/executor.rb:14:in `call'
actionpack (5.2.3) lib/action_dispatch/middleware/static.rb:127:in `call'
rack (2.0.7) lib/rack/sendfile.rb:111:in `call'
railties (5.2.3) lib/rails/engine.rb:524:in `call'
puma (3.12.1) lib/puma/configuration.rb:227:in `call'
puma (3.12.1) lib/puma/server.rb:660:in `handle_request'
puma (3.12.1) lib/puma/server.rb:474:in `process_client'
puma (3.12.1) lib/puma/server.rb:334:in `block in run'
puma (3.12.1) lib/puma/thread_pool.rb:135:in `block in spawn_thread'
Started GET "/cats/1/edit" for ::1 at 2019-04-30 15:35:17 -0400
Processing by CatsController#edit as HTML
  Parameters: {"id"=>"1"}
  [1m[36mCat Load (0.4ms)[0m  [1m[34mSELECT  "cats".* FROM "cats" WHERE "cats"."id" = $1 LIMIT $2[0m  [["id", 1], ["LIMIT", 1]]
  ↳ app/controllers/cats_controller.rb:36
  Rendering cats/edit.html.erb within layouts/application
  Rendered cats/edit.html.erb within layouts/application (1.6ms)
Completed 200 OK in 105ms (Views: 60.8ms | ActiveRecord: 10.2ms)


Started PATCH "/cats.1" for ::1 at 2019-04-30 15:35:22 -0400
  
ActionController::RoutingError (No route matches [PATCH] "/cats.1"):
  
actionpack (5.2.3) lib/action_dispatch/middleware/debug_exceptions.rb:65:in `call'
web-console (3.7.0) lib/web_console/middleware.rb:135:in `call_app'
web-console (3.7.0) lib/web_console/middleware.rb:30:in `block in call'
web-console (3.7.0) lib/web_console/middleware.rb:20:in `catch'
web-console (3.7.0) lib/web_console/middleware.rb:20:in `call'
actionpack (5.2.3) lib/action_dispatch/middleware/show_exceptions.rb:33:in `call'
railties (5.2.3) lib/rails/rack/logger.rb:38:in `call_app'
railties (5.2.3) lib/rails/rack/logger.rb:26:in `block in call'
activesupport (5.2.3) lib/active_support/tagged_logging.rb:71:in `block in tagged'
activesupport (5.2.3) lib/active_support/tagged_logging.rb:28:in `tagged'
activesupport (5.2.3) lib/active_support/tagged_logging.rb:71:in `tagged'
railties (5.2.3) lib/rails/rack/logger.rb:26:in `call'
sprockets-rails (3.2.1) lib/sprockets/rails/quiet_assets.rb:13:in `call'
actionpack (5.2.3) lib/action_dispatch/middleware/remote_ip.rb:81:in `call'
actionpack (5.2.3) lib/action_dispatch/middleware/request_id.rb:27:in `call'
rack (2.0.7) lib/rack/method_override.rb:22:in `call'
rack (2.0.7) lib/rack/runtime.rb:22:in `call'
activesupport (5.2.3) lib/active_support/cache/strategy/local_cache_middleware.rb:29:in `call'
actionpack (5.2.3) lib/action_dispatch/middleware/executor.rb:14:in `call'
actionpack (5.2.3) lib/action_dispatch/middleware/static.rb:127:in `call'
rack (2.0.7) lib/rack/sendfile.rb:111:in `call'
railties (5.2.3) lib/rails/engine.rb:524:in `call'
puma (3.12.1) lib/puma/configuration.rb:227:in `call'
puma (3.12.1) lib/puma/server.rb:660:in `handle_request'
puma (3.12.1) lib/puma/server.rb:474:in `process_client'
puma (3.12.1) lib/puma/server.rb:334:in `block in run'
puma (3.12.1) lib/puma/thread_pool.rb:135:in `block in spawn_thread'
Started GET "/cats" for ::1 at 2019-04-30 15:38:13 -0400
Processing by CatsController#index as HTML
  Rendering cats/index.html.erb within layouts/application
  [1m[36mCat Load (1.0ms)[0m  [1m[34mSELECT "cats".* FROM "cats"[0m
  ↳ app/views/cats/index.html.erb:3
  Rendered cats/index.html.erb within layouts/application (22.7ms)
Completed 200 OK in 119ms (Views: 107.6ms | ActiveRecord: 1.0ms)


Started GET "/cats/1/edit" for ::1 at 2019-04-30 15:40:21 -0400
Processing by CatsController#edit as HTML
  Parameters: {"id"=>"1"}
  [1m[36mCat Load (0.6ms)[0m  [1m[34mSELECT  "cats".* FROM "cats" WHERE "cats"."id" = $1 LIMIT $2[0m  [["id", 1], ["LIMIT", 1]]
  ↳ app/controllers/cats_controller.rb:36
  Rendering cats/edit.html.erb within layouts/application
  Rendered cats/edit.html.erb within layouts/application (2.6ms)
Completed 200 OK in 111ms (Views: 106.6ms | ActiveRecord: 0.6ms)


Started GET "/cats/1/edit" for ::1 at 2019-04-30 15:40:30 -0400
Processing by CatsController#edit as HTML
  Parameters: {"id"=>"1"}
  [1m[36mCat Load (0.7ms)[0m  [1m[34mSELECT  "cats".* FROM "cats" WHERE "cats"."id" = $1 LIMIT $2[0m  [["id", 1], ["LIMIT", 1]]
  ↳ app/controllers/cats_controller.rb:36
  Rendering cats/edit.html.erb within layouts/application
  Rendered cats/edit.html.erb within layouts/application (1.3ms)
Completed 200 OK in 40ms (Views: 36.6ms | ActiveRecord: 0.7ms)


Started GET "/cats/1/edit" for ::1 at 2019-04-30 15:41:48 -0400
Processing by CatsController#edit as HTML
  Parameters: {"id"=>"1"}
  [1m[36mCat Load (0.4ms)[0m  [1m[34mSELECT  "cats".* FROM "cats" WHERE "cats"."id" = $1 LIMIT $2[0m  [["id", 1], ["LIMIT", 1]]
  ↳ app/controllers/cats_controller.rb:36
  Rendering cats/edit.html.erb within layouts/application
  Rendered cats/edit.html.erb within layouts/application (1.4ms)
Completed 200 OK in 56ms (Views: 54.1ms | ActiveRecord: 0.4ms)


Started GET "/cats/1/edit" for ::1 at 2019-04-30 15:42:08 -0400
Processing by CatsController#edit as HTML
  Parameters: {"id"=>"1"}
  [1m[36mCat Load (0.5ms)[0m  [1m[34mSELECT  "cats".* FROM "cats" WHERE "cats"."id" = $1 LIMIT $2[0m  [["id", 1], ["LIMIT", 1]]
  ↳ app/controllers/cats_controller.rb:36
  Rendering cats/edit.html.erb within layouts/application
  Rendered cats/edit.html.erb within layouts/application (1.3ms)
Completed 200 OK in 64ms (Views: 62.2ms | ActiveRecord: 0.5ms)


Started GET "/cats/1/edit" for ::1 at 2019-04-30 15:42:32 -0400
Processing by CatsController#edit as HTML
  Parameters: {"id"=>"1"}
  [1m[36mCat Load (0.4ms)[0m  [1m[34mSELECT  "cats".* FROM "cats" WHERE "cats"."id" = $1 LIMIT $2[0m  [["id", 1], ["LIMIT", 1]]
  ↳ app/controllers/cats_controller.rb:36
  Rendering cats/edit.html.erb within layouts/application
  Rendered cats/edit.html.erb within layouts/application (1.5ms)
Completed 200 OK in 72ms (Views: 69.8ms | ActiveRecord: 0.4ms)


Started GET "/cats/1/edit" for ::1 at 2019-04-30 15:42:49 -0400
Processing by CatsController#edit as HTML
  Parameters: {"id"=>"1"}
  [1m[36mCat Load (0.4ms)[0m  [1m[34mSELECT  "cats".* FROM "cats" WHERE "cats"."id" = $1 LIMIT $2[0m  [["id", 1], ["LIMIT", 1]]
  ↳ app/controllers/cats_controller.rb:36
  Rendering cats/edit.html.erb within layouts/application
  Rendered cats/edit.html.erb within layouts/application (3.4ms)
Completed 200 OK in 100ms (Views: 97.6ms | ActiveRecord: 0.4ms)


Started GET "/cats/1/edit" for ::1 at 2019-04-30 15:42:53 -0400
Processing by CatsController#edit as HTML
  Parameters: {"id"=>"1"}
  [1m[36mCat Load (0.6ms)[0m  [1m[34mSELECT  "cats".* FROM "cats" WHERE "cats"."id" = $1 LIMIT $2[0m  [["id", 1], ["LIMIT", 1]]
  ↳ app/controllers/cats_controller.rb:36
  Rendering cats/edit.html.erb within layouts/application
  Rendered cats/edit.html.erb within layouts/application (2.1ms)
Completed 200 OK in 83ms (Views: 79.3ms | ActiveRecord: 0.6ms)


Started GET "/cats/1/edit" for ::1 at 2019-04-30 15:42:58 -0400
Processing by CatsController#edit as HTML
  Parameters: {"id"=>"1"}
  [1m[36mCat Load (0.4ms)[0m  [1m[34mSELECT  "cats".* FROM "cats" WHERE "cats"."id" = $1 LIMIT $2[0m  [["id", 1], ["LIMIT", 1]]
  ↳ app/controllers/cats_controller.rb:36
  Rendering cats/edit.html.erb within layouts/application
  Rendered cats/edit.html.erb within layouts/application (0.9ms)
Completed 200 OK in 29ms (Views: 27.3ms | ActiveRecord: 0.4ms)


Started GET "/cats/1/edit" for ::1 at 2019-04-30 15:43:27 -0400
Processing by CatsController#edit as HTML
  Parameters: {"id"=>"1"}
  [1m[36mCat Load (0.7ms)[0m  [1m[34mSELECT  "cats".* FROM "cats" WHERE "cats"."id" = $1 LIMIT $2[0m  [["id", 1], ["LIMIT", 1]]
  ↳ app/controllers/cats_controller.rb:36
  Rendering cats/edit.html.erb within layouts/application
  Rendered cats/edit.html.erb within layouts/application (1.4ms)
Completed 200 OK in 287ms (Views: 284.1ms | ActiveRecord: 0.7ms)


Started GET "/cats/1/edit" for ::1 at 2019-04-30 15:59:18 -0400
Processing by CatsController#edit as HTML
  Parameters: {"id"=>"1"}
  [1m[36mCat Load (0.9ms)[0m  [1m[34mSELECT  "cats".* FROM "cats" WHERE "cats"."id" = $1 LIMIT $2[0m  [["id", 1], ["LIMIT", 1]]
  ↳ app/controllers/cats_controller.rb:36
  Rendering cats/edit.html.erb within layouts/application
  Rendered cats/edit.html.erb within layouts/application (2.3ms)
Completed 200 OK in 123ms (Views: 117.5ms | ActiveRecord: 1.3ms)


Started GET "/cats/1/edit" for ::1 at 2019-04-30 16:00:04 -0400
Processing by CatsController#edit as HTML
  Parameters: {"id"=>"1"}
  [1m[36mCat Load (1.3ms)[0m  [1m[34mSELECT  "cats".* FROM "cats" WHERE "cats"."id" = $1 LIMIT $2[0m  [["id", 1], ["LIMIT", 1]]
  ↳ app/controllers/cats_controller.rb:36
  Rendering cats/edit.html.erb within layouts/application
  Rendered cats/edit.html.erb within layouts/application (2.2ms)
Completed 200 OK in 136ms (Views: 130.6ms | ActiveRecord: 1.3ms)


Started GET "/cats/1/edit" for ::1 at 2019-04-30 16:01:07 -0400
Processing by CatsController#edit as HTML
  Parameters: {"id"=>"1"}
  [1m[36mCat Load (0.9ms)[0m  [1m[34mSELECT  "cats".* FROM "cats" WHERE "cats"."id" = $1 LIMIT $2[0m  [["id", 1], ["LIMIT", 1]]
  ↳ app/controllers/cats_controller.rb:36
  Rendering cats/edit.html.erb within layouts/application
  Rendered cats/edit.html.erb within layouts/application (1.8ms)
Completed 200 OK in 71ms (Views: 67.4ms | ActiveRecord: 0.9ms)


Started GET "/cats/1/edit" for ::1 at 2019-04-30 16:01:19 -0400
Processing by CatsController#edit as HTML
  Parameters: {"id"=>"1"}
  [1m[36mCat Load (1.4ms)[0m  [1m[34mSELECT  "cats".* FROM "cats" WHERE "cats"."id" = $1 LIMIT $2[0m  [["id", 1], ["LIMIT", 1]]
  ↳ app/controllers/cats_controller.rb:36
  Rendering cats/edit.html.erb within layouts/application
  Rendered cats/edit.html.erb within layouts/application (1.8ms)
Completed 200 OK in 108ms (Views: 104.5ms | ActiveRecord: 1.4ms)


Started GET "/cats/1/edit" for ::1 at 2019-04-30 16:03:00 -0400
Processing by CatsController#edit as HTML
  Parameters: {"id"=>"1"}
  [1m[36mCat Load (0.6ms)[0m  [1m[34mSELECT  "cats".* FROM "cats" WHERE "cats"."id" = $1 LIMIT $2[0m  [["id", 1], ["LIMIT", 1]]
  ↳ app/controllers/cats_controller.rb:36
  Rendering cats/edit.html.erb within layouts/application
  Rendered cats/edit.html.erb within layouts/application (2.6ms)
Completed 200 OK in 113ms (Views: 109.8ms | ActiveRecord: 0.6ms)


Started GET "/cats/1/edit" for ::1 at 2019-04-30 16:03:52 -0400
Processing by CatsController#edit as HTML
  Parameters: {"id"=>"1"}
  [1m[36mCat Load (0.9ms)[0m  [1m[34mSELECT  "cats".* FROM "cats" WHERE "cats"."id" = $1 LIMIT $2[0m  [["id", 1], ["LIMIT", 1]]
  ↳ app/controllers/cats_controller.rb:36
  Rendering cats/edit.html.erb within layouts/application
  Rendered cats/edit.html.erb within layouts/application (1.8ms)
Completed 200 OK in 123ms (Views: 118.6ms | ActiveRecord: 0.9ms)


Started GET "/cats/1/edit" for ::1 at 2019-04-30 16:06:01 -0400
Processing by CatsController#edit as HTML
  Parameters: {"id"=>"1"}
  [1m[36mCat Load (1.0ms)[0m  [1m[34mSELECT  "cats".* FROM "cats" WHERE "cats"."id" = $1 LIMIT $2[0m  [["id", 1], ["LIMIT", 1]]
  ↳ app/controllers/cats_controller.rb:36
  Rendering cats/edit.html.erb within layouts/application
  Rendered cats/edit.html.erb within layouts/application (2.9ms)
Completed 200 OK in 125ms (Views: 120.0ms | ActiveRecord: 1.0ms)


Started GET "/cats/1/edit" for ::1 at 2019-04-30 16:08:03 -0400
Processing by CatsController#edit as HTML
  Parameters: {"id"=>"1"}
  [1m[36mCat Load (1.0ms)[0m  [1m[34mSELECT  "cats".* FROM "cats" WHERE "cats"."id" = $1 LIMIT $2[0m  [["id", 1], ["LIMIT", 1]]
  ↳ app/controllers/cats_controller.rb:36
  Rendering cats/edit.html.erb within layouts/application
  Rendered cats/edit.html.erb within layouts/application (3.0ms)
Completed 200 OK in 142ms (Views: 137.7ms | ActiveRecord: 1.0ms)


Started GET "/cats/2/edit" for ::1 at 2019-04-30 16:08:16 -0400
Processing by CatsController#edit as HTML
  Parameters: {"id"=>"2"}
  [1m[36mCat Load (0.8ms)[0m  [1m[34mSELECT  "cats".* FROM "cats" WHERE "cats"."id" = $1 LIMIT $2[0m  [["id", 2], ["LIMIT", 1]]
  ↳ app/controllers/cats_controller.rb:36
  Rendering cats/edit.html.erb within layouts/application
  Rendered cats/edit.html.erb within layouts/application (2.1ms)
Completed 200 OK in 58ms (Views: 54.7ms | ActiveRecord: 0.8ms)


Started GET "/cats/2/edit" for ::1 at 2019-04-30 16:08:49 -0400
Processing by CatsController#edit as HTML
  Parameters: {"id"=>"2"}
  [1m[36mCat Load (0.5ms)[0m  [1m[34mSELECT  "cats".* FROM "cats" WHERE "cats"."id" = $1 LIMIT $2[0m  [["id", 2], ["LIMIT", 1]]
  ↳ app/controllers/cats_controller.rb:36
  Rendering cats/edit.html.erb within layouts/application
  Rendered cats/edit.html.erb within layouts/application (2.2ms)
Completed 200 OK in 88ms (Views: 84.9ms | ActiveRecord: 0.5ms)


Started GET "/cats/2/edit" for ::1 at 2019-04-30 16:08:49 -0400
Processing by CatsController#edit as HTML
  Parameters: {"id"=>"2"}
  [1m[36mCat Load (0.5ms)[0m  [1m[34mSELECT  "cats".* FROM "cats" WHERE "cats"."id" = $1 LIMIT $2[0m  [["id", 2], ["LIMIT", 1]]
  ↳ app/controllers/cats_controller.rb:36
  Rendering cats/edit.html.erb within layouts/application
  Rendered cats/edit.html.erb within layouts/application (1.6ms)
Completed 200 OK in 45ms (Views: 42.1ms | ActiveRecord: 0.5ms)


Started GET "/cats/3/edit" for ::1 at 2019-04-30 16:08:56 -0400
Processing by CatsController#edit as HTML
  Parameters: {"id"=>"3"}
  [1m[36mCat Load (1.3ms)[0m  [1m[34mSELECT  "cats".* FROM "cats" WHERE "cats"."id" = $1 LIMIT $2[0m  [["id", 3], ["LIMIT", 1]]
  ↳ app/controllers/cats_controller.rb:36
  Rendering cats/edit.html.erb within layouts/application
  Rendered cats/edit.html.erb within layouts/application (1.9ms)
Completed 200 OK in 40ms (Views: 35.6ms | ActiveRecord: 1.3ms)


Started GET "/cats/1/edut" for ::1 at 2019-04-30 16:09:02 -0400
  
ActionController::RoutingError (No route matches [GET] "/cats/1/edut"):
  
actionpack (5.2.3) lib/action_dispatch/middleware/debug_exceptions.rb:65:in `call'
web-console (3.7.0) lib/web_console/middleware.rb:135:in `call_app'
web-console (3.7.0) lib/web_console/middleware.rb:30:in `block in call'
web-console (3.7.0) lib/web_console/middleware.rb:20:in `catch'
web-console (3.7.0) lib/web_console/middleware.rb:20:in `call'
actionpack (5.2.3) lib/action_dispatch/middleware/show_exceptions.rb:33:in `call'
railties (5.2.3) lib/rails/rack/logger.rb:38:in `call_app'
railties (5.2.3) lib/rails/rack/logger.rb:26:in `block in call'
activesupport (5.2.3) lib/active_support/tagged_logging.rb:71:in `block in tagged'
activesupport (5.2.3) lib/active_support/tagged_logging.rb:28:in `tagged'
activesupport (5.2.3) lib/active_support/tagged_logging.rb:71:in `tagged'
railties (5.2.3) lib/rails/rack/logger.rb:26:in `call'
sprockets-rails (3.2.1) lib/sprockets/rails/quiet_assets.rb:13:in `call'
actionpack (5.2.3) lib/action_dispatch/middleware/remote_ip.rb:81:in `call'
actionpack (5.2.3) lib/action_dispatch/middleware/request_id.rb:27:in `call'
rack (2.0.7) lib/rack/method_override.rb:22:in `call'
rack (2.0.7) lib/rack/runtime.rb:22:in `call'
activesupport (5.2.3) lib/active_support/cache/strategy/local_cache_middleware.rb:29:in `call'
actionpack (5.2.3) lib/action_dispatch/middleware/executor.rb:14:in `call'
actionpack (5.2.3) lib/action_dispatch/middleware/static.rb:127:in `call'
rack (2.0.7) lib/rack/sendfile.rb:111:in `call'
railties (5.2.3) lib/rails/engine.rb:524:in `call'
puma (3.12.1) lib/puma/configuration.rb:227:in `call'
puma (3.12.1) lib/puma/server.rb:660:in `handle_request'
puma (3.12.1) lib/puma/server.rb:474:in `process_client'
puma (3.12.1) lib/puma/server.rb:334:in `block in run'
puma (3.12.1) lib/puma/thread_pool.rb:135:in `block in spawn_thread'
Started GET "/cats/1/edit" for ::1 at 2019-04-30 16:09:06 -0400
Processing by CatsController#edit as HTML
  Parameters: {"id"=>"1"}
  [1m[36mCat Load (0.9ms)[0m  [1m[34mSELECT  "cats".* FROM "cats" WHERE "cats"."id" = $1 LIMIT $2[0m  [["id", 1], ["LIMIT", 1]]
  ↳ app/controllers/cats_controller.rb:36
  Rendering cats/edit.html.erb within layouts/application
  Rendered cats/edit.html.erb within layouts/application (2.4ms)
Completed 200 OK in 129ms (Views: 125.1ms | ActiveRecord: 0.9ms)


Started GET "/cats/5/edit" for ::1 at 2019-04-30 16:09:19 -0400
Processing by CatsController#edit as HTML
  Parameters: {"id"=>"5"}
  [1m[36mCat Load (0.7ms)[0m  [1m[34mSELECT  "cats".* FROM "cats" WHERE "cats"."id" = $1 LIMIT $2[0m  [["id", 5], ["LIMIT", 1]]
  ↳ app/controllers/cats_controller.rb:36
  Rendering cats/edit.html.erb within layouts/application
  Rendered cats/edit.html.erb within layouts/application (2.0ms)
Completed 200 OK in 75ms (Views: 70.8ms | ActiveRecord: 0.7ms)


Started GET "/cats/2/edit" for ::1 at 2019-04-30 16:09:45 -0400
Processing by CatsController#edit as HTML
  Parameters: {"id"=>"2"}
  [1m[36mCat Load (0.7ms)[0m  [1m[34mSELECT  "cats".* FROM "cats" WHERE "cats"."id" = $1 LIMIT $2[0m  [["id", 2], ["LIMIT", 1]]
  ↳ app/controllers/cats_controller.rb:36
  Rendering cats/edit.html.erb within layouts/application
  Rendered cats/edit.html.erb within layouts/application (36.2ms)
Completed 200 OK in 112ms (Views: 108.6ms | ActiveRecord: 0.7ms)


Started GET "/cats/3/edit" for ::1 at 2019-04-30 16:09:53 -0400
Processing by CatsController#edit as HTML
  Parameters: {"id"=>"3"}
  [1m[36mCat Load (0.8ms)[0m  [1m[34mSELECT  "cats".* FROM "cats" WHERE "cats"."id" = $1 LIMIT $2[0m  [["id", 3], ["LIMIT", 1]]
  ↳ app/controllers/cats_controller.rb:36
  Rendering cats/edit.html.erb within layouts/application
  Rendered cats/edit.html.erb within layouts/application (1.4ms)
Completed 200 OK in 31ms (Views: 28.3ms | ActiveRecord: 0.8ms)


Started GET "/cats/3" for ::1 at 2019-04-30 16:10:10 -0400
Processing by CatsController#show as HTML
  Parameters: {"id"=>"3"}
  [1m[36mCat Load (0.9ms)[0m  [1m[34mSELECT  "cats".* FROM "cats" WHERE "cats"."id" = $1 LIMIT $2[0m  [["id", 3], ["LIMIT", 1]]
  ↳ app/controllers/cats_controller.rb:9
  Rendering cats/show.html.erb within layouts/application
  Rendered cats/show.html.erb within layouts/application (5.8ms)
Completed 200 OK in 83ms (Views: 63.9ms | ActiveRecord: 0.9ms)


Started GET "/cats/1/edit" for ::1 at 2019-04-30 16:10:31 -0400
Processing by CatsController#edit as HTML
  Parameters: {"id"=>"1"}
  [1m[36mCat Load (0.7ms)[0m  [1m[34mSELECT  "cats".* FROM "cats" WHERE "cats"."id" = $1 LIMIT $2[0m  [["id", 1], ["LIMIT", 1]]
  ↳ app/controllers/cats_controller.rb:36
  Rendering cats/edit.html.erb within layouts/application
  Rendered cats/edit.html.erb within layouts/application (3.5ms)
Completed 200 OK in 59ms (Views: 55.6ms | ActiveRecord: 0.7ms)


Started GET "/cats/3/edit" for ::1 at 2019-04-30 16:11:20 -0400
Processing by CatsController#edit as HTML
  Parameters: {"id"=>"3"}
  [1m[36mCat Load (0.4ms)[0m  [1m[34mSELECT  "cats".* FROM "cats" WHERE "cats"."id" = $1 LIMIT $2[0m  [["id", 3], ["LIMIT", 1]]
  ↳ app/controllers/cats_controller.rb:36
  Rendering cats/edit.html.erb within layouts/application
  Rendered cats/edit.html.erb within layouts/application (1.5ms)
Completed 200 OK in 88ms (Views: 86.1ms | ActiveRecord: 0.4ms)


Started GET "/cats/5/edit" for ::1 at 2019-04-30 16:11:25 -0400
Processing by CatsController#edit as HTML
  Parameters: {"id"=>"5"}
  [1m[36mCat Load (0.5ms)[0m  [1m[34mSELECT  "cats".* FROM "cats" WHERE "cats"."id" = $1 LIMIT $2[0m  [["id", 5], ["LIMIT", 1]]
  ↳ app/controllers/cats_controller.rb:36
  Rendering cats/edit.html.erb within layouts/application
  Rendered cats/edit.html.erb within layouts/application (1.1ms)
Completed 200 OK in 58ms (Views: 54.7ms | ActiveRecord: 0.5ms)


Started GET "/cats/5/edit" for ::1 at 2019-04-30 16:12:11 -0400
Processing by CatsController#edit as HTML
  Parameters: {"id"=>"5"}
  [1m[36mCat Load (0.5ms)[0m  [1m[34mSELECT  "cats".* FROM "cats" WHERE "cats"."id" = $1 LIMIT $2[0m  [["id", 5], ["LIMIT", 1]]
  ↳ app/controllers/cats_controller.rb:36
  Rendering cats/edit.html.erb within layouts/application
  Rendered cats/edit.html.erb within layouts/application (2.0ms)
Completed 200 OK in 84ms (Views: 80.6ms | ActiveRecord: 0.5ms)


Started GET "/cats/" for ::1 at 2019-04-30 16:13:19 -0400
Processing by CatsController#index as HTML
  Rendering cats/index.html.erb within layouts/application
  [1m[36mCat Load (0.8ms)[0m  [1m[34mSELECT "cats".* FROM "cats"[0m
  ↳ app/views/cats/index.html.erb:3
  Rendered cats/index.html.erb within layouts/application (6.2ms)
Completed 200 OK in 96ms (Views: 93.7ms | ActiveRecord: 0.8ms)


Started GET "/cats/" for ::1 at 2019-04-30 16:15:06 -0400
Processing by CatsController#index as HTML
  Rendering cats/index.html.erb within layouts/application
  [1m[36mCat Load (19.7ms)[0m  [1m[34mSELECT "cats".* FROM "cats"[0m
  ↳ app/views/cats/index.html.erb:3
  Rendered cats/index.html.erb within layouts/application (57.2ms)
Completed 200 OK in 227ms (Views: 198.1ms | ActiveRecord: 19.7ms)


Started GET "/cats/" for ::1 at 2019-04-30 16:15:34 -0400
Processing by CatsController#index as HTML
  Rendering cats/index.html.erb within layouts/application
  [1m[36mCat Load (0.6ms)[0m  [1m[34mSELECT "cats".* FROM "cats"[0m
  ↳ app/views/cats/index.html.erb:4
  Rendered cats/index.html.erb within layouts/application (5.1ms)
Completed 200 OK in 58ms (Views: 56.2ms | ActiveRecord: 0.6ms)


Started GET "/cats" for ::1 at 2019-04-30 16:55:38 -0400
Processing by CatsController#index as HTML
  Rendering cats/index.html.erb within layouts/application
  [1m[36mCat Load (1.6ms)[0m  [1m[34mSELECT "cats".* FROM "cats"[0m
  ↳ app/views/cats/index.html.erb:4
  Rendered cats/index.html.erb within layouts/application (19.1ms)
Completed 200 OK in 182ms (Views: 173.1ms | ActiveRecord: 1.6ms)


Started GET "/cats/1/edit" for ::1 at 2019-04-30 16:55:47 -0400
Processing by CatsController#edit as HTML
  Parameters: {"id"=>"1"}
  [1m[36mCat Load (4.1ms)[0m  [1m[34mSELECT  "cats".* FROM "cats" WHERE "cats"."id" = $1 LIMIT $2[0m  [["id", 1], ["LIMIT", 1]]
  ↳ app/controllers/cats_controller.rb:36
  Rendering cats/edit.html.erb within layouts/application
  Rendered cats/_form.html.erb (3.1ms)
  Rendered cats/edit.html.erb within layouts/application (9.6ms)
Completed 200 OK in 78ms (Views: 66.5ms | ActiveRecord: 4.5ms)


Started PATCH "/cats/1" for ::1 at 2019-04-30 16:56:12 -0400
Processing by CatsController#update as HTML
  Parameters: {"cat"=>{"birth_date"=>"2015-01-20", "color"=>"black", "name"=>"dark", "sex"=>"M", "description"=>"his is not dark"}, "id"=>"1"}
  [1m[36mCat Load (72.8ms)[0m  [1m[34mSELECT  "cats".* FROM "cats" WHERE (1) LIMIT $1[0m  [["LIMIT", 1]]
  ↳ app/controllers/cats_controller.rb:27
Completed 500 Internal Server Error in 77ms (ActiveRecord: 72.8ms)



PG::DatatypeMismatch - ERROR:  argument of WHERE must be type boolean, not type integer
LINE 1: SELECT  "cats".* FROM "cats" WHERE (1) LIMIT $1
                                            ^
:
  app/controllers/cats_controller.rb:27:in `update'

Started POST "/__better_errors/9477462c19df31f5/variables" for ::1 at 2019-04-30 16:56:12 -0400
Started GET "/cats/1/edit" for ::1 at 2019-04-30 16:57:20 -0400
Processing by CatsController#edit as HTML
  Parameters: {"id"=>"1"}
  [1m[36mCat Load (0.6ms)[0m  [1m[34mSELECT  "cats".* FROM "cats" WHERE "cats"."id" = $1 LIMIT $2[0m  [["id", 1], ["LIMIT", 1]]
  ↳ app/controllers/cats_controller.rb:36
  Rendering cats/edit.html.erb within layouts/application
  Rendered cats/_form.html.erb (1.9ms)
  Rendered cats/edit.html.erb within layouts/application (6.1ms)
Completed 200 OK in 118ms (Views: 35.0ms | ActiveRecord: 36.1ms)


Started PATCH "/cats/1" for ::1 at 2019-04-30 16:57:27 -0400
Processing by CatsController#update as HTML
  Parameters: {"cat"=>{"birth_date"=>"2015-01-20", "color"=>"black", "name"=>"dark", "sex"=>"M", "description"=>"his is not dark"}, "id"=>"1"}
  [1m[36mCat Load (0.7ms)[0m  [1m[34mSELECT  "cats".* FROM "cats" WHERE "cats"."id" = $1 LIMIT $2[0m  [["id", 1], ["LIMIT", 1]]
  ↳ app/controllers/cats_controller.rb:27
  [1m[35m (0.4ms)[0m  [1m[35mBEGIN[0m
  ↳ app/controllers/cats_controller.rb:28
  [1m[36mCat Update (34.4ms)[0m  [1m[33mUPDATE "cats" SET "description" = $1, "updated_at" = $2 WHERE "cats"."id" = $3[0m  [["description", "his is not dark"], ["updated_at", "2019-04-30 20:57:27.503571"], ["id", 1]]
  ↳ app/controllers/cats_controller.rb:28
  [1m[35m (16.4ms)[0m  [1m[35mCOMMIT[0m
  ↳ app/controllers/cats_controller.rb:28
Redirected to http://localhost:3000/cats/1
Completed 302 Found in 100ms (ActiveRecord: 52.0ms)


Started GET "/cats/1" for ::1 at 2019-04-30 16:57:27 -0400
Processing by CatsController#show as HTML
  Parameters: {"id"=>"1"}
  [1m[36mCat Load (0.5ms)[0m  [1m[34mSELECT  "cats".* FROM "cats" WHERE "cats"."id" = $1 LIMIT $2[0m  [["id", 1], ["LIMIT", 1]]
  ↳ app/controllers/cats_controller.rb:9
  Rendering cats/show.html.erb within layouts/application
  Rendered cats/show.html.erb within layouts/application (0.8ms)
Completed 200 OK in 56ms (Views: 54.6ms | ActiveRecord: 0.5ms)


Started GET "/cats" for ::1 at 2019-04-30 16:58:16 -0400
Processing by CatsController#index as HTML
  Rendering cats/index.html.erb within layouts/application
  [1m[36mCat Load (0.8ms)[0m  [1m[34mSELECT "cats".* FROM "cats"[0m
  ↳ app/views/cats/index.html.erb:4
  Rendered cats/index.html.erb within layouts/application (7.9ms)
Completed 200 OK in 43ms (Views: 41.4ms | ActiveRecord: 0.8ms)


Started GET "/cats/new" for ::1 at 2019-04-30 16:58:20 -0400
Processing by CatsController#new as HTML
  Rendering cats/new.html.erb within layouts/application
  Rendered cats/_form.html.erb (9.2ms)
  Rendered cats/new.html.erb within layouts/application (12.3ms)
Completed 500 Internal Server Error in 23ms (ActiveRecord: 0.0ms)



NoMethodError - undefined method `birth_date' for nil:NilClass:
  app/views/cats/_form.html.erb:9:in `_app_views_cats__form_html_erb___3892317669176565483_70184071100540'
  app/views/cats/new.html.erb:3:in `_app_views_cats_new_html_erb__1232785794766235214_70184071124440'

Started POST "/__better_errors/2c71f72a7af3af0c/variables" for ::1 at 2019-04-30 16:58:20 -0400
Started GET "/cats/new" for ::1 at 2019-04-30 16:59:15 -0400
Processing by CatsController#new as HTML
  Rendering cats/new.html.erb within layouts/application
  Rendered cats/_form.html.erb (1.2ms)
  Rendered cats/new.html.erb within layouts/application (3.8ms)
Completed 200 OK in 70ms (Views: 30.2ms | ActiveRecord: 11.0ms)


Started GET "/cats/1/edit" for ::1 at 2019-04-30 17:02:44 -0400
Processing by CatsController#edit as HTML
  Parameters: {"id"=>"1"}
  [1m[36mCat Load (0.5ms)[0m  [1m[34mSELECT  "cats".* FROM "cats" WHERE "cats"."id" = $1 LIMIT $2[0m  [["id", 1], ["LIMIT", 1]]
  ↳ app/controllers/cats_controller.rb:37
  Rendering cats/edit.html.erb within layouts/application
  Rendered cats/_form.html.erb (1.1ms)
  Rendered cats/edit.html.erb within layouts/application (4.0ms)
Completed 200 OK in 94ms (Views: 65.2ms | ActiveRecord: 7.2ms)


Started PATCH "/cats/1" for ::1 at 2019-04-30 17:02:53 -0400
Processing by CatsController#update as HTML
  Parameters: {"cat"=>{"birth_date"=>"2015-01-20", "color"=>"black", "name"=>"dark", "sex"=>"M", "description"=>"his is not dark!\r\n"}, "id"=>"1"}
  [1m[36mCat Load (2.3ms)[0m  [1m[34mSELECT  "cats".* FROM "cats" WHERE "cats"."id" = $1 LIMIT $2[0m  [["id", 1], ["LIMIT", 1]]
  ↳ app/controllers/cats_controller.rb:28
  [1m[35m (0.2ms)[0m  [1m[35mBEGIN[0m
  ↳ app/controllers/cats_controller.rb:29
  [1m[36mCat Update (0.8ms)[0m  [1m[33mUPDATE "cats" SET "description" = $1, "updated_at" = $2 WHERE "cats"."id" = $3[0m  [["description", "his is not dark!\r\n"], ["updated_at", "2019-04-30 21:06:36.003199"], ["id", 1]]
  ↳ app/controllers/cats_controller.rb:29
  [1m[35m (70.0ms)[0m  [1m[35mCOMMIT[0m
  ↳ app/controllers/cats_controller.rb:29
Redirected to http://localhost:3000/cats/1
Completed 302 Found in 222150ms (ActiveRecord: 73.3ms)


Started GET "/cats/1" for ::1 at 2019-04-30 17:06:36 -0400
Processing by CatsController#show as HTML
  Parameters: {"id"=>"1"}
  [1m[36mCat Load (0.4ms)[0m  [1m[34mSELECT  "cats".* FROM "cats" WHERE "cats"."id" = $1 LIMIT $2[0m  [["id", 1], ["LIMIT", 1]]
  ↳ app/controllers/cats_controller.rb:9
  Rendering cats/show.html.erb within layouts/application
  Rendered cats/show.html.erb within layouts/application (0.8ms)
Completed 200 OK in 298ms (Views: 246.5ms | ActiveRecord: 10.2ms)


Started GET "/cats/new" for ::1 at 2019-04-30 17:07:31 -0400
Processing by CatsController#new as HTML
  Rendering cats/new.html.erb within layouts/application
  Rendered cats/_form.html.erb (1.8ms)
  Rendered cats/new.html.erb within layouts/application (38.9ms)
Completed 200 OK in 279ms (Views: 278.2ms | ActiveRecord: 0.0ms)


Started GET "/cats/new" for ::1 at 2019-04-30 17:10:51 -0400
Processing by CatsController#new as HTML
  Rendering cats/new.html.erb within layouts/application
  Rendered cats/_form.html.erb (1.4ms)
  Rendered cats/new.html.erb within layouts/application (25.9ms)
Completed 200 OK in 258ms (Views: 257.4ms | ActiveRecord: 0.0ms)


Started GET "/cats/2/edit" for ::1 at 2019-04-30 17:10:58 -0400
Processing by CatsController#edit as HTML
  Parameters: {"id"=>"2"}
  [1m[36mCat Load (0.7ms)[0m  [1m[34mSELECT  "cats".* FROM "cats" WHERE "cats"."id" = $1 LIMIT $2[0m  [["id", 2], ["LIMIT", 1]]
  ↳ app/controllers/cats_controller.rb:36
  Rendering cats/edit.html.erb within layouts/application
  Rendered cats/_form.html.erb (1.1ms)
  Rendered cats/edit.html.erb within layouts/application (3.9ms)
Completed 200 OK in 49ms (Views: 45.6ms | ActiveRecord: 0.7ms)


Started GET "/cats" for ::1 at 2019-04-30 17:11:00 -0400
Processing by CatsController#index as HTML
  Rendering cats/index.html.erb within layouts/application
  [1m[36mCat Load (0.5ms)[0m  [1m[34mSELECT "cats".* FROM "cats"[0m
  ↳ app/views/cats/index.html.erb:4
  Rendered cats/index.html.erb within layouts/application (3.5ms)
Completed 200 OK in 74ms (Views: 72.3ms | ActiveRecord: 0.5ms)


Started GET "/cats" for ::1 at 2019-04-30 17:14:08 -0400
Processing by CatsController#index as HTML
  Rendering cats/index.html.erb within layouts/application
  [1m[36mCat Load (0.6ms)[0m  [1m[34mSELECT "cats".* FROM "cats"[0m
  ↳ app/views/cats/index.html.erb:4
  Rendered cats/index.html.erb within layouts/application (19.1ms)
Completed 200 OK in 49ms (Views: 30.6ms | ActiveRecord: 7.0ms)


Started GET "/cats" for ::1 at 2019-04-30 17:16:28 -0400
Processing by CatsController#index as HTML
  Rendering cats/index.html.erb within layouts/application
  [1m[36mCat Load (0.7ms)[0m  [1m[34mSELECT "cats".* FROM "cats"[0m
  ↳ app/views/cats/index.html.erb:18
  Rendered cats/index.html.erb within layouts/application (4.9ms)
Completed 200 OK in 136ms (Views: 134.1ms | ActiveRecord: 0.7ms)


Started GET "/cats" for ::1 at 2019-04-30 17:17:11 -0400
Processing by CatsController#index as HTML
  Rendering cats/index.html.erb within layouts/application
  [1m[36mCat Load (0.6ms)[0m  [1m[34mSELECT "cats".* FROM "cats"[0m
  ↳ app/views/cats/index.html.erb:23
  Rendered cats/index.html.erb within layouts/application (3.6ms)
Completed 200 OK in 57ms (Views: 55.5ms | ActiveRecord: 0.6ms)


  [1m[35m (0.4ms)[0m  [1m[34mSELECT pg_try_advisory_lock(5518258010914655055)[0m
  ↳ bin/rails:9
  [1m[35m (19.9ms)[0m  [1m[34mSELECT "schema_migrations"."version" FROM "schema_migrations" ORDER BY "schema_migrations"."version" ASC[0m
  ↳ bin/rails:9
Migrating to CreateCatRentalRequestTable (20190430211757)
  [1m[35m (0.3ms)[0m  [1m[35mBEGIN[0m
  ↳ bin/rails:9
  [1m[35m (129.7ms)[0m  [1m[35mCREATE TABLE "cat_rental_requests" ("id" bigserial primary key, "cat_id" integer NOT NULL, "start_date" date NOT NULL, "end_date" date NOT NULL, "status" character varying DEFAULT 'PENDING')[0m
  ↳ db/migrate/20190430211757_create_cat_rental_request_table.rb:3
  [1m[35m (30.6ms)[0m  [1m[35mCREATE  INDEX  "index_cat_rental_requests_on_cat_id" ON "cat_rental_requests"  ("cat_id")[0m
  ↳ db/migrate/20190430211757_create_cat_rental_request_table.rb:10
  [1m[36mActiveRecord::SchemaMigration Create (14.0ms)[0m  [1m[32mINSERT INTO "schema_migrations" ("version") VALUES ($1) RETURNING "version"[0m  [["version", "20190430211757"]]
  ↳ bin/rails:9
  [1m[35m (0.9ms)[0m  [1m[35mCOMMIT[0m
  ↳ bin/rails:9
  [1m[36mActiveRecord::InternalMetadata Load (15.8ms)[0m  [1m[34mSELECT  "ar_internal_metadata".* FROM "ar_internal_metadata" WHERE "ar_internal_metadata"."key" = $1 LIMIT $2[0m  [["key", "environment"], ["LIMIT", 1]]
  ↳ bin/rails:9
  [1m[35m (0.2ms)[0m  [1m[35mBEGIN[0m
  ↳ bin/rails:9
  [1m[35m (0.2ms)[0m  [1m[35mCOMMIT[0m
  ↳ bin/rails:9
  [1m[35m (0.3ms)[0m  [1m[34mSELECT pg_advisory_unlock(5518258010914655055)[0m
  ↳ bin/rails:9
  [1m[35m (0.5ms)[0m  [1m[34mSELECT "schema_migrations"."version" FROM "schema_migrations" ORDER BY "schema_migrations"."version" ASC[0m
  ↳ bin/rails:9
  [1m[35m (1.1ms)[0m  [1m[34mSELECT "schema_migrations"."version" FROM "schema_migrations" ORDER BY "schema_migrations"."version" ASC[0m
  ↳ /Users/aa/.rbenv/versions/2.5.1/bin/annotate:23
